<?xml version="1.0" encoding="UTF-8"?>
<testsuite name="app.library.filters.JwtRequestFilterTest" tests="3" skipped="0" failures="0" errors="0" timestamp="2023-02-08T12:41:46" hostname="HTSI38" time="0.186">
  <properties/>
  <testcase name="testDoFilterInternal()" classname="app.library.filters.JwtRequestFilterTest" time="0.019"/>
  <testcase name="testDoFilterInternal3()" classname="app.library.filters.JwtRequestFilterTest" time="0.08"/>
  <testcase name="testDoFilterInternal4()" classname="app.library.filters.JwtRequestFilterTest" time="0.084"/>
  <system-out><![CDATA[18:11:46.005 [Test worker] DEBUG org.springframework.test.context.BootstrapUtils - Instantiating CacheAwareContextLoaderDelegate from class [org.springframework.test.context.cache.DefaultCacheAwareContextLoaderDelegate]
18:11:46.005 [Test worker] DEBUG org.springframework.test.context.BootstrapUtils - Instantiating BootstrapContext using constructor [public org.springframework.test.context.support.DefaultBootstrapContext(java.lang.Class,org.springframework.test.context.CacheAwareContextLoaderDelegate)]
18:11:46.005 [Test worker] DEBUG org.springframework.test.context.BootstrapUtils - Instantiating TestContextBootstrapper for test class [app.library.filters.JwtRequestFilterTest] from class [org.springframework.test.context.web.WebTestContextBootstrapper]
18:11:46.008 [Test worker] DEBUG org.springframework.test.context.support.AbstractDelegatingSmartContextLoader - Delegating to AnnotationConfigWebContextLoader to process context configuration [ContextConfigurationAttributes@1cb8ffa declaringClass = 'app.library.filters.JwtRequestFilterTest', classes = '{class app.library.filters.JwtRequestFilter}', locations = '{}', inheritLocations = true, initializers = '{}', inheritInitializers = true, name = [null], contextLoaderClass = 'org.springframework.test.context.ContextLoader'].
18:11:46.009 [Test worker] DEBUG org.springframework.test.context.support.ActiveProfilesUtils - Could not find an 'annotation declaring class' for annotation type [org.springframework.test.context.ActiveProfiles] and class [app.library.filters.JwtRequestFilterTest]
18:11:46.009 [Test worker] DEBUG org.springframework.test.context.web.WebTestContextBootstrapper - @TestExecutionListeners is not present for class [app.library.filters.JwtRequestFilterTest]: using defaults.
18:11:46.009 [Test worker] INFO org.springframework.test.context.web.WebTestContextBootstrapper - Loaded default TestExecutionListener class names from location [META-INF/spring.factories]: [org.springframework.boot.test.autoconfigure.restdocs.RestDocsTestExecutionListener, org.springframework.boot.test.autoconfigure.web.client.MockRestServiceServerResetTestExecutionListener, org.springframework.boot.test.autoconfigure.web.servlet.MockMvcPrintOnlyOnFailureTestExecutionListener, org.springframework.boot.test.autoconfigure.web.servlet.WebDriverTestExecutionListener, org.springframework.boot.test.autoconfigure.webservices.client.MockWebServiceServerTestExecutionListener, org.springframework.boot.test.mock.mockito.MockitoTestExecutionListener, org.springframework.boot.test.mock.mockito.ResetMocksTestExecutionListener, org.springframework.test.context.web.ServletTestExecutionListener, org.springframework.test.context.support.DirtiesContextBeforeModesTestExecutionListener, org.springframework.test.context.event.ApplicationEventsTestExecutionListener, org.springframework.test.context.support.DependencyInjectionTestExecutionListener, org.springframework.test.context.support.DirtiesContextTestExecutionListener, org.springframework.test.context.transaction.TransactionalTestExecutionListener, org.springframework.test.context.jdbc.SqlScriptsTestExecutionListener, org.springframework.test.context.event.EventPublishingTestExecutionListener]
18:11:46.009 [Test worker] INFO org.springframework.test.context.web.WebTestContextBootstrapper - Using TestExecutionListeners: [org.springframework.test.context.web.ServletTestExecutionListener@bb85b4, org.springframework.test.context.support.DirtiesContextBeforeModesTestExecutionListener@1add732, org.springframework.test.context.event.ApplicationEventsTestExecutionListener@1e3e76c, org.springframework.boot.test.mock.mockito.MockitoTestExecutionListener@7ad6b, org.springframework.test.context.support.DependencyInjectionTestExecutionListener@ed037a, org.springframework.test.context.support.DirtiesContextTestExecutionListener@16e4212, org.springframework.test.context.transaction.TransactionalTestExecutionListener@1121d14, org.springframework.test.context.jdbc.SqlScriptsTestExecutionListener@af90e8, org.springframework.test.context.event.EventPublishingTestExecutionListener@a1bb14, org.springframework.boot.test.autoconfigure.restdocs.RestDocsTestExecutionListener@1aa0680, org.springframework.boot.test.autoconfigure.web.client.MockRestServiceServerResetTestExecutionListener@635edc, org.springframework.boot.test.autoconfigure.web.servlet.MockMvcPrintOnlyOnFailureTestExecutionListener@45bf68, org.springframework.boot.test.autoconfigure.web.servlet.WebDriverTestExecutionListener@1bbc52f, org.springframework.boot.test.autoconfigure.webservices.client.MockWebServiceServerTestExecutionListener@8a551e, org.springframework.boot.test.mock.mockito.ResetMocksTestExecutionListener@c9632d]
18:11:46.009 [Test worker] DEBUG org.springframework.test.context.support.AbstractDirtiesContextTestExecutionListener - Before test class: context [DefaultTestContext@1982523 testClass = JwtRequestFilterTest, testInstance = [null], testMethod = [null], testException = [null], mergedContextConfiguration = [WebMergedContextConfiguration@9110c2 testClass = JwtRequestFilterTest, locations = '{}', classes = '{class app.library.filters.JwtRequestFilter}', contextInitializerClasses = '[]', activeProfiles = '{}', propertySourceLocations = '{}', propertySourceProperties = '{}', contextCustomizers = set[org.springframework.boot.test.autoconfigure.actuate.metrics.MetricsExportContextCustomizerFactory$DisableMetricExportContextCustomizer@1be250d, org.springframework.boot.test.autoconfigure.properties.PropertyMappingContextCustomizer@0, org.springframework.boot.test.autoconfigure.web.servlet.WebDriverContextCustomizerFactory$Customizer@52b961, org.springframework.boot.test.context.filter.ExcludeFilterContextCustomizer@676c1a, org.springframework.boot.test.json.DuplicateJsonObjectContextCustomizerFactory$DuplicateJsonObjectContextCustomizer@1c44dec, org.springframework.boot.test.mock.mockito.MockitoContextCustomizer@eaeb3736, org.springframework.test.context.web.socket.MockServerContainerContextCustomizer@1166348], resourceBasePath = 'src/main/webapp', contextLoader = 'org.springframework.test.context.web.WebDelegatingSmartContextLoader', parent = [null]], attributes = map[[empty]]], class annotated with @DirtiesContext [false] with mode [null].
18:11:46.010 [Test worker] DEBUG org.springframework.test.context.support.AbstractDelegatingSmartContextLoader - Delegating to AnnotationConfigWebContextLoader to load context from [WebMergedContextConfiguration@9110c2 testClass = JwtRequestFilterTest, locations = '{}', classes = '{class app.library.filters.JwtRequestFilter}', contextInitializerClasses = '[]', activeProfiles = '{}', propertySourceLocations = '{}', propertySourceProperties = '{}', contextCustomizers = set[org.springframework.boot.test.autoconfigure.actuate.metrics.MetricsExportContextCustomizerFactory$DisableMetricExportContextCustomizer@1be250d, org.springframework.boot.test.autoconfigure.properties.PropertyMappingContextCustomizer@0, org.springframework.boot.test.autoconfigure.web.servlet.WebDriverContextCustomizerFactory$Customizer@52b961, org.springframework.boot.test.context.filter.ExcludeFilterContextCustomizer@676c1a, org.springframework.boot.test.json.DuplicateJsonObjectContextCustomizerFactory$DuplicateJsonObjectContextCustomizer@1c44dec, org.springframework.boot.test.mock.mockito.MockitoContextCustomizer@eaeb3736, org.springframework.test.context.web.socket.MockServerContainerContextCustomizer@1166348], resourceBasePath = 'src/main/webapp', contextLoader = 'org.springframework.test.context.web.WebDelegatingSmartContextLoader', parent = [null]].
18:11:46.010 [Test worker] DEBUG org.springframework.test.context.web.AbstractGenericWebContextLoader - Loading WebApplicationContext for merged context configuration [WebMergedContextConfiguration@9110c2 testClass = JwtRequestFilterTest, locations = '{}', classes = '{class app.library.filters.JwtRequestFilter}', contextInitializerClasses = '[]', activeProfiles = '{}', propertySourceLocations = '{}', propertySourceProperties = '{}', contextCustomizers = set[org.springframework.boot.test.autoconfigure.actuate.metrics.MetricsExportContextCustomizerFactory$DisableMetricExportContextCustomizer@1be250d, org.springframework.boot.test.autoconfigure.properties.PropertyMappingContextCustomizer@0, org.springframework.boot.test.autoconfigure.web.servlet.WebDriverContextCustomizerFactory$Customizer@52b961, org.springframework.boot.test.context.filter.ExcludeFilterContextCustomizer@676c1a, org.springframework.boot.test.json.DuplicateJsonObjectContextCustomizerFactory$DuplicateJsonObjectContextCustomizer@1c44dec, org.springframework.boot.test.mock.mockito.MockitoContextCustomizer@eaeb3736, org.springframework.test.context.web.socket.MockServerContainerContextCustomizer@1166348], resourceBasePath = 'src/main/webapp', contextLoader = 'org.springframework.test.context.web.WebDelegatingSmartContextLoader', parent = [null]].
18:11:46.020 [Test worker] DEBUG org.springframework.web.context.support.StandardServletEnvironment - Activating profiles []
18:11:46.020 [Test worker] DEBUG org.springframework.test.context.web.AnnotationConfigWebContextLoader - Registering annotated classes: {class app.library.filters.JwtRequestFilter}
18:11:46.022 [Test worker] DEBUG org.springframework.web.context.support.GenericWebApplicationContext - Refreshing org.springframework.web.context.support.GenericWebApplicationContext@1c66a4f
18:11:46.024 [Test worker] DEBUG org.springframework.beans.factory.support.DefaultListableBeanFactory - Creating shared instance of singleton bean 'org.springframework.context.annotation.internalConfigurationAnnotationProcessor'
18:11:46.026 [Test worker] DEBUG org.springframework.beans.factory.support.DefaultListableBeanFactory - Creating shared instance of singleton bean 'org.springframework.boot.test.mock.mockito.MockitoPostProcessor'
18:11:46.039 [Test worker] DEBUG org.springframework.beans.factory.support.DefaultListableBeanFactory - Creating shared instance of singleton bean 'org.springframework.context.event.internalEventListenerProcessor'
18:11:46.039 [Test worker] DEBUG org.springframework.beans.factory.support.DefaultListableBeanFactory - Creating shared instance of singleton bean 'org.springframework.context.event.internalEventListenerFactory'
18:11:46.039 [Test worker] DEBUG org.springframework.beans.factory.support.DefaultListableBeanFactory - Creating shared instance of singleton bean 'org.springframework.context.annotation.internalAutowiredAnnotationProcessor'
18:11:46.041 [Test worker] DEBUG org.springframework.beans.factory.support.DefaultListableBeanFactory - Creating shared instance of singleton bean 'org.springframework.context.annotation.internalCommonAnnotationProcessor'
18:11:46.041 [Test worker] DEBUG org.springframework.beans.factory.support.DefaultListableBeanFactory - Creating shared instance of singleton bean 'org.springframework.context.annotation.internalPersistenceAnnotationProcessor'
18:11:46.041 [Test worker] DEBUG org.springframework.beans.factory.support.DefaultListableBeanFactory - Creating shared instance of singleton bean 'org.springframework.boot.test.mock.mockito.MockitoPostProcessor$SpyPostProcessor'
18:11:46.041 [Test worker] DEBUG org.springframework.ui.context.support.UiApplicationContextUtils - Unable to locate ThemeSource with name 'themeSource': using default [org.springframework.ui.context.support.ResourceBundleThemeSource@1feeac9]
18:11:46.041 [Test worker] DEBUG org.springframework.beans.factory.support.DefaultListableBeanFactory - Creating shared instance of singleton bean 'jwtRequestFilter'
18:11:46.053 [Test worker] DEBUG org.springframework.test.context.cache.DefaultCacheAwareContextLoaderDelegate - Storing ApplicationContext [29780559] in cache under key [[WebMergedContextConfiguration@9110c2 testClass = JwtRequestFilterTest, locations = '{}', classes = '{class app.library.filters.JwtRequestFilter}', contextInitializerClasses = '[]', activeProfiles = '{}', propertySourceLocations = '{}', propertySourceProperties = '{}', contextCustomizers = set[org.springframework.boot.test.autoconfigure.actuate.metrics.MetricsExportContextCustomizerFactory$DisableMetricExportContextCustomizer@1be250d, org.springframework.boot.test.autoconfigure.properties.PropertyMappingContextCustomizer@0, org.springframework.boot.test.autoconfigure.web.servlet.WebDriverContextCustomizerFactory$Customizer@52b961, org.springframework.boot.test.context.filter.ExcludeFilterContextCustomizer@676c1a, org.springframework.boot.test.json.DuplicateJsonObjectContextCustomizerFactory$DuplicateJsonObjectContextCustomizer@1c44dec, org.springframework.boot.test.mock.mockito.MockitoContextCustomizer@eaeb3736, org.springframework.test.context.web.socket.MockServerContainerContextCustomizer@1166348], resourceBasePath = 'src/main/webapp', contextLoader = 'org.springframework.test.context.web.WebDelegatingSmartContextLoader', parent = [null]]]
18:11:46.053 [Test worker] DEBUG org.springframework.test.context.cache - Spring test ApplicationContext cache statistics: [DefaultContextCache@8c24 size = 7, maxSize = 32, parentContextCount = 0, hitCount = 347, missCount = 7]
18:11:46.053 [Test worker] DEBUG org.springframework.test.context.web.ServletTestExecutionListener - Setting up MockHttpServletRequest, MockHttpServletResponse, ServletWebRequest, and RequestContextHolder for test context [DefaultTestContext@1982523 testClass = JwtRequestFilterTest, testInstance = app.library.filters.JwtRequestFilterTest@8be5fd, testMethod = [null], testException = [null], mergedContextConfiguration = [WebMergedContextConfiguration@9110c2 testClass = JwtRequestFilterTest, locations = '{}', classes = '{class app.library.filters.JwtRequestFilter}', contextInitializerClasses = '[]', activeProfiles = '{}', propertySourceLocations = '{}', propertySourceProperties = '{}', contextCustomizers = set[org.springframework.boot.test.autoconfigure.actuate.metrics.MetricsExportContextCustomizerFactory$DisableMetricExportContextCustomizer@1be250d, org.springframework.boot.test.autoconfigure.properties.PropertyMappingContextCustomizer@0, org.springframework.boot.test.autoconfigure.web.servlet.WebDriverContextCustomizerFactory$Customizer@52b961, org.springframework.boot.test.context.filter.ExcludeFilterContextCustomizer@676c1a, org.springframework.boot.test.json.DuplicateJsonObjectContextCustomizerFactory$DuplicateJsonObjectContextCustomizer@1c44dec, org.springframework.boot.test.mock.mockito.MockitoContextCustomizer@eaeb3736, org.springframework.test.context.web.socket.MockServerContainerContextCustomizer@1166348], resourceBasePath = 'src/main/webapp', contextLoader = 'org.springframework.test.context.web.WebDelegatingSmartContextLoader', parent = [null]], attributes = map[[empty]]].
18:11:46.054 [Test worker] DEBUG org.springframework.test.context.cache.DefaultCacheAwareContextLoaderDelegate - Retrieved ApplicationContext [29780559] from cache with key [[WebMergedContextConfiguration@9110c2 testClass = JwtRequestFilterTest, locations = '{}', classes = '{class app.library.filters.JwtRequestFilter}', contextInitializerClasses = '[]', activeProfiles = '{}', propertySourceLocations = '{}', propertySourceProperties = '{}', contextCustomizers = set[org.springframework.boot.test.autoconfigure.actuate.metrics.MetricsExportContextCustomizerFactory$DisableMetricExportContextCustomizer@1be250d, org.springframework.boot.test.autoconfigure.properties.PropertyMappingContextCustomizer@0, org.springframework.boot.test.autoconfigure.web.servlet.WebDriverContextCustomizerFactory$Customizer@52b961, org.springframework.boot.test.context.filter.ExcludeFilterContextCustomizer@676c1a, org.springframework.boot.test.json.DuplicateJsonObjectContextCustomizerFactory$DuplicateJsonObjectContextCustomizer@1c44dec, org.springframework.boot.test.mock.mockito.MockitoContextCustomizer@eaeb3736, org.springframework.test.context.web.socket.MockServerContainerContextCustomizer@1166348], resourceBasePath = 'src/main/webapp', contextLoader = 'org.springframework.test.context.web.WebDelegatingSmartContextLoader', parent = [null]]]
18:11:46.054 [Test worker] DEBUG org.springframework.test.context.cache - Spring test ApplicationContext cache statistics: [DefaultContextCache@8c24 size = 7, maxSize = 32, parentContextCount = 0, hitCount = 348, missCount = 7]
18:11:46.054 [Test worker] DEBUG org.springframework.test.context.support.DependencyInjectionTestExecutionListener - Performing dependency injection for test context [[DefaultTestContext@1982523 testClass = JwtRequestFilterTest, testInstance = app.library.filters.JwtRequestFilterTest@8be5fd, testMethod = [null], testException = [null], mergedContextConfiguration = [WebMergedContextConfiguration@9110c2 testClass = JwtRequestFilterTest, locations = '{}', classes = '{class app.library.filters.JwtRequestFilter}', contextInitializerClasses = '[]', activeProfiles = '{}', propertySourceLocations = '{}', propertySourceProperties = '{}', contextCustomizers = set[org.springframework.boot.test.autoconfigure.actuate.metrics.MetricsExportContextCustomizerFactory$DisableMetricExportContextCustomizer@1be250d, org.springframework.boot.test.autoconfigure.properties.PropertyMappingContextCustomizer@0, org.springframework.boot.test.autoconfigure.web.servlet.WebDriverContextCustomizerFactory$Customizer@52b961, org.springframework.boot.test.context.filter.ExcludeFilterContextCustomizer@676c1a, org.springframework.boot.test.json.DuplicateJsonObjectContextCustomizerFactory$DuplicateJsonObjectContextCustomizer@1c44dec, org.springframework.boot.test.mock.mockito.MockitoContextCustomizer@eaeb3736, org.springframework.test.context.web.socket.MockServerContainerContextCustomizer@1166348], resourceBasePath = 'src/main/webapp', contextLoader = 'org.springframework.test.context.web.WebDelegatingSmartContextLoader', parent = [null]], attributes = map['org.springframework.test.context.web.ServletTestExecutionListener.populatedRequestContextHolder' -> true, 'org.springframework.test.context.web.ServletTestExecutionListener.resetRequestContextHolder' -> true, 'org.springframework.test.context.event.ApplicationEventsTestExecutionListener.recordApplicationEvents' -> false]]].
18:11:46.054 [Test worker] DEBUG org.springframework.test.context.cache.DefaultCacheAwareContextLoaderDelegate - Retrieved ApplicationContext [29780559] from cache with key [[WebMergedContextConfiguration@9110c2 testClass = JwtRequestFilterTest, locations = '{}', classes = '{class app.library.filters.JwtRequestFilter}', contextInitializerClasses = '[]', activeProfiles = '{}', propertySourceLocations = '{}', propertySourceProperties = '{}', contextCustomizers = set[org.springframework.boot.test.autoconfigure.actuate.metrics.MetricsExportContextCustomizerFactory$DisableMetricExportContextCustomizer@1be250d, org.springframework.boot.test.autoconfigure.properties.PropertyMappingContextCustomizer@0, org.springframework.boot.test.autoconfigure.web.servlet.WebDriverContextCustomizerFactory$Customizer@52b961, org.springframework.boot.test.context.filter.ExcludeFilterContextCustomizer@676c1a, org.springframework.boot.test.json.DuplicateJsonObjectContextCustomizerFactory$DuplicateJsonObjectContextCustomizer@1c44dec, org.springframework.boot.test.mock.mockito.MockitoContextCustomizer@eaeb3736, org.springframework.test.context.web.socket.MockServerContainerContextCustomizer@1166348], resourceBasePath = 'src/main/webapp', contextLoader = 'org.springframework.test.context.web.WebDelegatingSmartContextLoader', parent = [null]]]
18:11:46.054 [Test worker] DEBUG org.springframework.test.context.cache - Spring test ApplicationContext cache statistics: [DefaultContextCache@8c24 size = 7, maxSize = 32, parentContextCount = 0, hitCount = 349, missCount = 7]
18:11:46.055 [Test worker] DEBUG org.springframework.test.context.cache.DefaultCacheAwareContextLoaderDelegate - Retrieved ApplicationContext [29780559] from cache with key [[WebMergedContextConfiguration@9110c2 testClass = JwtRequestFilterTest, locations = '{}', classes = '{class app.library.filters.JwtRequestFilter}', contextInitializerClasses = '[]', activeProfiles = '{}', propertySourceLocations = '{}', propertySourceProperties = '{}', contextCustomizers = set[org.springframework.boot.test.autoconfigure.actuate.metrics.MetricsExportContextCustomizerFactory$DisableMetricExportContextCustomizer@1be250d, org.springframework.boot.test.autoconfigure.properties.PropertyMappingContextCustomizer@0, org.springframework.boot.test.autoconfigure.web.servlet.WebDriverContextCustomizerFactory$Customizer@52b961, org.springframework.boot.test.context.filter.ExcludeFilterContextCustomizer@676c1a, org.springframework.boot.test.json.DuplicateJsonObjectContextCustomizerFactory$DuplicateJsonObjectContextCustomizer@1c44dec, org.springframework.boot.test.mock.mockito.MockitoContextCustomizer@eaeb3736, org.springframework.test.context.web.socket.MockServerContainerContextCustomizer@1166348], resourceBasePath = 'src/main/webapp', contextLoader = 'org.springframework.test.context.web.WebDelegatingSmartContextLoader', parent = [null]]]
18:11:46.055 [Test worker] DEBUG org.springframework.test.context.cache - Spring test ApplicationContext cache statistics: [DefaultContextCache@8c24 size = 7, maxSize = 32, parentContextCount = 0, hitCount = 350, missCount = 7]
18:11:46.056 [Test worker] DEBUG org.springframework.test.context.support.AbstractDirtiesContextTestExecutionListener - Before test method: context [DefaultTestContext@1982523 testClass = JwtRequestFilterTest, testInstance = app.library.filters.JwtRequestFilterTest@8be5fd, testMethod = testDoFilterInternal@JwtRequestFilterTest, testException = [null], mergedContextConfiguration = [WebMergedContextConfiguration@9110c2 testClass = JwtRequestFilterTest, locations = '{}', classes = '{class app.library.filters.JwtRequestFilter}', contextInitializerClasses = '[]', activeProfiles = '{}', propertySourceLocations = '{}', propertySourceProperties = '{}', contextCustomizers = set[org.springframework.boot.test.autoconfigure.actuate.metrics.MetricsExportContextCustomizerFactory$DisableMetricExportContextCustomizer@1be250d, org.springframework.boot.test.autoconfigure.properties.PropertyMappingContextCustomizer@0, org.springframework.boot.test.autoconfigure.web.servlet.WebDriverContextCustomizerFactory$Customizer@52b961, org.springframework.boot.test.context.filter.ExcludeFilterContextCustomizer@676c1a, org.springframework.boot.test.json.DuplicateJsonObjectContextCustomizerFactory$DuplicateJsonObjectContextCustomizer@1c44dec, org.springframework.boot.test.mock.mockito.MockitoContextCustomizer@eaeb3736, org.springframework.test.context.web.socket.MockServerContainerContextCustomizer@1166348], resourceBasePath = 'src/main/webapp', contextLoader = 'org.springframework.test.context.web.WebDelegatingSmartContextLoader', parent = [null]], attributes = map['org.springframework.test.context.web.ServletTestExecutionListener.populatedRequestContextHolder' -> true, 'org.springframework.test.context.web.ServletTestExecutionListener.resetRequestContextHolder' -> true, 'org.springframework.test.context.event.ApplicationEventsTestExecutionListener.recordApplicationEvents' -> false]], class annotated with @DirtiesContext [false] with mode [null], method annotated with @DirtiesContext [false] with mode [null].
18:11:46.056 [Test worker] DEBUG org.springframework.test.context.cache.DefaultCacheAwareContextLoaderDelegate - Retrieved ApplicationContext [29780559] from cache with key [[WebMergedContextConfiguration@9110c2 testClass = JwtRequestFilterTest, locations = '{}', classes = '{class app.library.filters.JwtRequestFilter}', contextInitializerClasses = '[]', activeProfiles = '{}', propertySourceLocations = '{}', propertySourceProperties = '{}', contextCustomizers = set[org.springframework.boot.test.autoconfigure.actuate.metrics.MetricsExportContextCustomizerFactory$DisableMetricExportContextCustomizer@1be250d, org.springframework.boot.test.autoconfigure.properties.PropertyMappingContextCustomizer@0, org.springframework.boot.test.autoconfigure.web.servlet.WebDriverContextCustomizerFactory$Customizer@52b961, org.springframework.boot.test.context.filter.ExcludeFilterContextCustomizer@676c1a, org.springframework.boot.test.json.DuplicateJsonObjectContextCustomizerFactory$DuplicateJsonObjectContextCustomizer@1c44dec, org.springframework.boot.test.mock.mockito.MockitoContextCustomizer@eaeb3736, org.springframework.test.context.web.socket.MockServerContainerContextCustomizer@1166348], resourceBasePath = 'src/main/webapp', contextLoader = 'org.springframework.test.context.web.WebDelegatingSmartContextLoader', parent = [null]]]
18:11:46.056 [Test worker] DEBUG org.springframework.test.context.cache - Spring test ApplicationContext cache statistics: [DefaultContextCache@8c24 size = 7, maxSize = 32, parentContextCount = 0, hitCount = 351, missCount = 7]
18:11:46.057 [Test worker] DEBUG org.springframework.test.context.cache.DefaultCacheAwareContextLoaderDelegate - Retrieved ApplicationContext [29780559] from cache with key [[WebMergedContextConfiguration@9110c2 testClass = JwtRequestFilterTest, locations = '{}', classes = '{class app.library.filters.JwtRequestFilter}', contextInitializerClasses = '[]', activeProfiles = '{}', propertySourceLocations = '{}', propertySourceProperties = '{}', contextCustomizers = set[org.springframework.boot.test.autoconfigure.actuate.metrics.MetricsExportContextCustomizerFactory$DisableMetricExportContextCustomizer@1be250d, org.springframework.boot.test.autoconfigure.properties.PropertyMappingContextCustomizer@0, org.springframework.boot.test.autoconfigure.web.servlet.WebDriverContextCustomizerFactory$Customizer@52b961, org.springframework.boot.test.context.filter.ExcludeFilterContextCustomizer@676c1a, org.springframework.boot.test.json.DuplicateJsonObjectContextCustomizerFactory$DuplicateJsonObjectContextCustomizer@1c44dec, org.springframework.boot.test.mock.mockito.MockitoContextCustomizer@eaeb3736, org.springframework.test.context.web.socket.MockServerContainerContextCustomizer@1166348], resourceBasePath = 'src/main/webapp', contextLoader = 'org.springframework.test.context.web.WebDelegatingSmartContextLoader', parent = [null]]]
18:11:46.057 [Test worker] DEBUG org.springframework.test.context.cache - Spring test ApplicationContext cache statistics: [DefaultContextCache@8c24 size = 7, maxSize = 32, parentContextCount = 0, hitCount = 352, missCount = 7]
18:11:46.057 [Test worker] DEBUG org.springframework.test.context.cache.DefaultCacheAwareContextLoaderDelegate - Retrieved ApplicationContext [29780559] from cache with key [[WebMergedContextConfiguration@9110c2 testClass = JwtRequestFilterTest, locations = '{}', classes = '{class app.library.filters.JwtRequestFilter}', contextInitializerClasses = '[]', activeProfiles = '{}', propertySourceLocations = '{}', propertySourceProperties = '{}', contextCustomizers = set[org.springframework.boot.test.autoconfigure.actuate.metrics.MetricsExportContextCustomizerFactory$DisableMetricExportContextCustomizer@1be250d, org.springframework.boot.test.autoconfigure.properties.PropertyMappingContextCustomizer@0, org.springframework.boot.test.autoconfigure.web.servlet.WebDriverContextCustomizerFactory$Customizer@52b961, org.springframework.boot.test.context.filter.ExcludeFilterContextCustomizer@676c1a, org.springframework.boot.test.json.DuplicateJsonObjectContextCustomizerFactory$DuplicateJsonObjectContextCustomizer@1c44dec, org.springframework.boot.test.mock.mockito.MockitoContextCustomizer@eaeb3736, org.springframework.test.context.web.socket.MockServerContainerContextCustomizer@1166348], resourceBasePath = 'src/main/webapp', contextLoader = 'org.springframework.test.context.web.WebDelegatingSmartContextLoader', parent = [null]]]
18:11:46.057 [Test worker] DEBUG org.springframework.test.context.cache - Spring test ApplicationContext cache statistics: [DefaultContextCache@8c24 size = 7, maxSize = 32, parentContextCount = 0, hitCount = 353, missCount = 7]
18:11:46.072 [Test worker] DEBUG org.springframework.test.context.cache.DefaultCacheAwareContextLoaderDelegate - Retrieved ApplicationContext [29780559] from cache with key [[WebMergedContextConfiguration@9110c2 testClass = JwtRequestFilterTest, locations = '{}', classes = '{class app.library.filters.JwtRequestFilter}', contextInitializerClasses = '[]', activeProfiles = '{}', propertySourceLocations = '{}', propertySourceProperties = '{}', contextCustomizers = set[org.springframework.boot.test.autoconfigure.actuate.metrics.MetricsExportContextCustomizerFactory$DisableMetricExportContextCustomizer@1be250d, org.springframework.boot.test.autoconfigure.properties.PropertyMappingContextCustomizer@0, org.springframework.boot.test.autoconfigure.web.servlet.WebDriverContextCustomizerFactory$Customizer@52b961, org.springframework.boot.test.context.filter.ExcludeFilterContextCustomizer@676c1a, org.springframework.boot.test.json.DuplicateJsonObjectContextCustomizerFactory$DuplicateJsonObjectContextCustomizer@1c44dec, org.springframework.boot.test.mock.mockito.MockitoContextCustomizer@eaeb3736, org.springframework.test.context.web.socket.MockServerContainerContextCustomizer@1166348], resourceBasePath = 'src/main/webapp', contextLoader = 'org.springframework.test.context.web.WebDelegatingSmartContextLoader', parent = [null]]]
18:11:46.072 [Test worker] DEBUG org.springframework.test.context.cache - Spring test ApplicationContext cache statistics: [DefaultContextCache@8c24 size = 7, maxSize = 32, parentContextCount = 0, hitCount = 354, missCount = 7]
18:11:46.073 [Test worker] DEBUG org.springframework.test.context.cache.DefaultCacheAwareContextLoaderDelegate - Retrieved ApplicationContext [29780559] from cache with key [[WebMergedContextConfiguration@9110c2 testClass = JwtRequestFilterTest, locations = '{}', classes = '{class app.library.filters.JwtRequestFilter}', contextInitializerClasses = '[]', activeProfiles = '{}', propertySourceLocations = '{}', propertySourceProperties = '{}', contextCustomizers = set[org.springframework.boot.test.autoconfigure.actuate.metrics.MetricsExportContextCustomizerFactory$DisableMetricExportContextCustomizer@1be250d, org.springframework.boot.test.autoconfigure.properties.PropertyMappingContextCustomizer@0, org.springframework.boot.test.autoconfigure.web.servlet.WebDriverContextCustomizerFactory$Customizer@52b961, org.springframework.boot.test.context.filter.ExcludeFilterContextCustomizer@676c1a, org.springframework.boot.test.json.DuplicateJsonObjectContextCustomizerFactory$DuplicateJsonObjectContextCustomizer@1c44dec, org.springframework.boot.test.mock.mockito.MockitoContextCustomizer@eaeb3736, org.springframework.test.context.web.socket.MockServerContainerContextCustomizer@1166348], resourceBasePath = 'src/main/webapp', contextLoader = 'org.springframework.test.context.web.WebDelegatingSmartContextLoader', parent = [null]]]
18:11:46.073 [Test worker] DEBUG org.springframework.test.context.cache - Spring test ApplicationContext cache statistics: [DefaultContextCache@8c24 size = 7, maxSize = 32, parentContextCount = 0, hitCount = 355, missCount = 7]
18:11:46.073 [Test worker] DEBUG org.springframework.test.context.cache.DefaultCacheAwareContextLoaderDelegate - Retrieved ApplicationContext [29780559] from cache with key [[WebMergedContextConfiguration@9110c2 testClass = JwtRequestFilterTest, locations = '{}', classes = '{class app.library.filters.JwtRequestFilter}', contextInitializerClasses = '[]', activeProfiles = '{}', propertySourceLocations = '{}', propertySourceProperties = '{}', contextCustomizers = set[org.springframework.boot.test.autoconfigure.actuate.metrics.MetricsExportContextCustomizerFactory$DisableMetricExportContextCustomizer@1be250d, org.springframework.boot.test.autoconfigure.properties.PropertyMappingContextCustomizer@0, org.springframework.boot.test.autoconfigure.web.servlet.WebDriverContextCustomizerFactory$Customizer@52b961, org.springframework.boot.test.context.filter.ExcludeFilterContextCustomizer@676c1a, org.springframework.boot.test.json.DuplicateJsonObjectContextCustomizerFactory$DuplicateJsonObjectContextCustomizer@1c44dec, org.springframework.boot.test.mock.mockito.MockitoContextCustomizer@eaeb3736, org.springframework.test.context.web.socket.MockServerContainerContextCustomizer@1166348], resourceBasePath = 'src/main/webapp', contextLoader = 'org.springframework.test.context.web.WebDelegatingSmartContextLoader', parent = [null]]]
18:11:46.073 [Test worker] DEBUG org.springframework.test.context.cache - Spring test ApplicationContext cache statistics: [DefaultContextCache@8c24 size = 7, maxSize = 32, parentContextCount = 0, hitCount = 356, missCount = 7]
18:11:46.073 [Test worker] DEBUG org.springframework.test.context.cache.DefaultCacheAwareContextLoaderDelegate - Retrieved ApplicationContext [29780559] from cache with key [[WebMergedContextConfiguration@9110c2 testClass = JwtRequestFilterTest, locations = '{}', classes = '{class app.library.filters.JwtRequestFilter}', contextInitializerClasses = '[]', activeProfiles = '{}', propertySourceLocations = '{}', propertySourceProperties = '{}', contextCustomizers = set[org.springframework.boot.test.autoconfigure.actuate.metrics.MetricsExportContextCustomizerFactory$DisableMetricExportContextCustomizer@1be250d, org.springframework.boot.test.autoconfigure.properties.PropertyMappingContextCustomizer@0, org.springframework.boot.test.autoconfigure.web.servlet.WebDriverContextCustomizerFactory$Customizer@52b961, org.springframework.boot.test.context.filter.ExcludeFilterContextCustomizer@676c1a, org.springframework.boot.test.json.DuplicateJsonObjectContextCustomizerFactory$DuplicateJsonObjectContextCustomizer@1c44dec, org.springframework.boot.test.mock.mockito.MockitoContextCustomizer@eaeb3736, org.springframework.test.context.web.socket.MockServerContainerContextCustomizer@1166348], resourceBasePath = 'src/main/webapp', contextLoader = 'org.springframework.test.context.web.WebDelegatingSmartContextLoader', parent = [null]]]
18:11:46.073 [Test worker] DEBUG org.springframework.test.context.cache - Spring test ApplicationContext cache statistics: [DefaultContextCache@8c24 size = 7, maxSize = 32, parentContextCount = 0, hitCount = 357, missCount = 7]
18:11:46.073 [Test worker] DEBUG org.springframework.test.context.cache.DefaultCacheAwareContextLoaderDelegate - Retrieved ApplicationContext [29780559] from cache with key [[WebMergedContextConfiguration@9110c2 testClass = JwtRequestFilterTest, locations = '{}', classes = '{class app.library.filters.JwtRequestFilter}', contextInitializerClasses = '[]', activeProfiles = '{}', propertySourceLocations = '{}', propertySourceProperties = '{}', contextCustomizers = set[org.springframework.boot.test.autoconfigure.actuate.metrics.MetricsExportContextCustomizerFactory$DisableMetricExportContextCustomizer@1be250d, org.springframework.boot.test.autoconfigure.properties.PropertyMappingContextCustomizer@0, org.springframework.boot.test.autoconfigure.web.servlet.WebDriverContextCustomizerFactory$Customizer@52b961, org.springframework.boot.test.context.filter.ExcludeFilterContextCustomizer@676c1a, org.springframework.boot.test.json.DuplicateJsonObjectContextCustomizerFactory$DuplicateJsonObjectContextCustomizer@1c44dec, org.springframework.boot.test.mock.mockito.MockitoContextCustomizer@eaeb3736, org.springframework.test.context.web.socket.MockServerContainerContextCustomizer@1166348], resourceBasePath = 'src/main/webapp', contextLoader = 'org.springframework.test.context.web.WebDelegatingSmartContextLoader', parent = [null]]]
18:11:46.073 [Test worker] DEBUG org.springframework.test.context.cache - Spring test ApplicationContext cache statistics: [DefaultContextCache@8c24 size = 7, maxSize = 32, parentContextCount = 0, hitCount = 358, missCount = 7]
18:11:46.074 [Test worker] DEBUG org.springframework.test.context.cache.DefaultCacheAwareContextLoaderDelegate - Retrieved ApplicationContext [29780559] from cache with key [[WebMergedContextConfiguration@9110c2 testClass = JwtRequestFilterTest, locations = '{}', classes = '{class app.library.filters.JwtRequestFilter}', contextInitializerClasses = '[]', activeProfiles = '{}', propertySourceLocations = '{}', propertySourceProperties = '{}', contextCustomizers = set[org.springframework.boot.test.autoconfigure.actuate.metrics.MetricsExportContextCustomizerFactory$DisableMetricExportContextCustomizer@1be250d, org.springframework.boot.test.autoconfigure.properties.PropertyMappingContextCustomizer@0, org.springframework.boot.test.autoconfigure.web.servlet.WebDriverContextCustomizerFactory$Customizer@52b961, org.springframework.boot.test.context.filter.ExcludeFilterContextCustomizer@676c1a, org.springframework.boot.test.json.DuplicateJsonObjectContextCustomizerFactory$DuplicateJsonObjectContextCustomizer@1c44dec, org.springframework.boot.test.mock.mockito.MockitoContextCustomizer@eaeb3736, org.springframework.test.context.web.socket.MockServerContainerContextCustomizer@1166348], resourceBasePath = 'src/main/webapp', contextLoader = 'org.springframework.test.context.web.WebDelegatingSmartContextLoader', parent = [null]]]
18:11:46.074 [Test worker] DEBUG org.springframework.test.context.cache - Spring test ApplicationContext cache statistics: [DefaultContextCache@8c24 size = 7, maxSize = 32, parentContextCount = 0, hitCount = 359, missCount = 7]
18:11:46.074 [Test worker] DEBUG org.springframework.test.context.support.AbstractDirtiesContextTestExecutionListener - After test method: context [DefaultTestContext@1982523 testClass = JwtRequestFilterTest, testInstance = app.library.filters.JwtRequestFilterTest@8be5fd, testMethod = testDoFilterInternal@JwtRequestFilterTest, testException = [null], mergedContextConfiguration = [WebMergedContextConfiguration@9110c2 testClass = JwtRequestFilterTest, locations = '{}', classes = '{class app.library.filters.JwtRequestFilter}', contextInitializerClasses = '[]', activeProfiles = '{}', propertySourceLocations = '{}', propertySourceProperties = '{}', contextCustomizers = set[org.springframework.boot.test.autoconfigure.actuate.metrics.MetricsExportContextCustomizerFactory$DisableMetricExportContextCustomizer@1be250d, org.springframework.boot.test.autoconfigure.properties.PropertyMappingContextCustomizer@0, org.springframework.boot.test.autoconfigure.web.servlet.WebDriverContextCustomizerFactory$Customizer@52b961, org.springframework.boot.test.context.filter.ExcludeFilterContextCustomizer@676c1a, org.springframework.boot.test.json.DuplicateJsonObjectContextCustomizerFactory$DuplicateJsonObjectContextCustomizer@1c44dec, org.springframework.boot.test.mock.mockito.MockitoContextCustomizer@eaeb3736, org.springframework.test.context.web.socket.MockServerContainerContextCustomizer@1166348], resourceBasePath = 'src/main/webapp', contextLoader = 'org.springframework.test.context.web.WebDelegatingSmartContextLoader', parent = [null]], attributes = map['org.springframework.test.context.web.ServletTestExecutionListener.populatedRequestContextHolder' -> true, 'org.springframework.test.context.web.ServletTestExecutionListener.resetRequestContextHolder' -> true, 'org.springframework.test.context.event.ApplicationEventsTestExecutionListener.recordApplicationEvents' -> false]], class annotated with @DirtiesContext [false] with mode [null], method annotated with @DirtiesContext [false] with mode [null].
18:11:46.074 [Test worker] DEBUG org.springframework.test.context.web.ServletTestExecutionListener - Resetting RequestContextHolder for test context [DefaultTestContext@1982523 testClass = JwtRequestFilterTest, testInstance = app.library.filters.JwtRequestFilterTest@8be5fd, testMethod = testDoFilterInternal@JwtRequestFilterTest, testException = [null], mergedContextConfiguration = [WebMergedContextConfiguration@9110c2 testClass = JwtRequestFilterTest, locations = '{}', classes = '{class app.library.filters.JwtRequestFilter}', contextInitializerClasses = '[]', activeProfiles = '{}', propertySourceLocations = '{}', propertySourceProperties = '{}', contextCustomizers = set[org.springframework.boot.test.autoconfigure.actuate.metrics.MetricsExportContextCustomizerFactory$DisableMetricExportContextCustomizer@1be250d, org.springframework.boot.test.autoconfigure.properties.PropertyMappingContextCustomizer@0, org.springframework.boot.test.autoconfigure.web.servlet.WebDriverContextCustomizerFactory$Customizer@52b961, org.springframework.boot.test.context.filter.ExcludeFilterContextCustomizer@676c1a, org.springframework.boot.test.json.DuplicateJsonObjectContextCustomizerFactory$DuplicateJsonObjectContextCustomizer@1c44dec, org.springframework.boot.test.mock.mockito.MockitoContextCustomizer@eaeb3736, org.springframework.test.context.web.socket.MockServerContainerContextCustomizer@1166348], resourceBasePath = 'src/main/webapp', contextLoader = 'org.springframework.test.context.web.WebDelegatingSmartContextLoader', parent = [null]], attributes = map['org.springframework.test.context.web.ServletTestExecutionListener.populatedRequestContextHolder' -> true, 'org.springframework.test.context.web.ServletTestExecutionListener.resetRequestContextHolder' -> true, 'org.springframework.test.context.event.ApplicationEventsTestExecutionListener.recordApplicationEvents' -> false]].
18:11:46.075 [Test worker] DEBUG org.springframework.test.context.cache.DefaultCacheAwareContextLoaderDelegate - Retrieved ApplicationContext [29780559] from cache with key [[WebMergedContextConfiguration@9110c2 testClass = JwtRequestFilterTest, locations = '{}', classes = '{class app.library.filters.JwtRequestFilter}', contextInitializerClasses = '[]', activeProfiles = '{}', propertySourceLocations = '{}', propertySourceProperties = '{}', contextCustomizers = set[org.springframework.boot.test.autoconfigure.actuate.metrics.MetricsExportContextCustomizerFactory$DisableMetricExportContextCustomizer@1be250d, org.springframework.boot.test.autoconfigure.properties.PropertyMappingContextCustomizer@0, org.springframework.boot.test.autoconfigure.web.servlet.WebDriverContextCustomizerFactory$Customizer@52b961, org.springframework.boot.test.context.filter.ExcludeFilterContextCustomizer@676c1a, org.springframework.boot.test.json.DuplicateJsonObjectContextCustomizerFactory$DuplicateJsonObjectContextCustomizer@1c44dec, org.springframework.boot.test.mock.mockito.MockitoContextCustomizer@eaeb3736, org.springframework.test.context.web.socket.MockServerContainerContextCustomizer@1166348], resourceBasePath = 'src/main/webapp', contextLoader = 'org.springframework.test.context.web.WebDelegatingSmartContextLoader', parent = [null]]]
18:11:46.075 [Test worker] DEBUG org.springframework.test.context.cache - Spring test ApplicationContext cache statistics: [DefaultContextCache@8c24 size = 7, maxSize = 32, parentContextCount = 0, hitCount = 360, missCount = 7]
18:11:46.075 [Test worker] DEBUG org.springframework.test.context.web.ServletTestExecutionListener - Setting up MockHttpServletRequest, MockHttpServletResponse, ServletWebRequest, and RequestContextHolder for test context [DefaultTestContext@1982523 testClass = JwtRequestFilterTest, testInstance = app.library.filters.JwtRequestFilterTest@c42c8c, testMethod = [null], testException = [null], mergedContextConfiguration = [WebMergedContextConfiguration@9110c2 testClass = JwtRequestFilterTest, locations = '{}', classes = '{class app.library.filters.JwtRequestFilter}', contextInitializerClasses = '[]', activeProfiles = '{}', propertySourceLocations = '{}', propertySourceProperties = '{}', contextCustomizers = set[org.springframework.boot.test.autoconfigure.actuate.metrics.MetricsExportContextCustomizerFactory$DisableMetricExportContextCustomizer@1be250d, org.springframework.boot.test.autoconfigure.properties.PropertyMappingContextCustomizer@0, org.springframework.boot.test.autoconfigure.web.servlet.WebDriverContextCustomizerFactory$Customizer@52b961, org.springframework.boot.test.context.filter.ExcludeFilterContextCustomizer@676c1a, org.springframework.boot.test.json.DuplicateJsonObjectContextCustomizerFactory$DuplicateJsonObjectContextCustomizer@1c44dec, org.springframework.boot.test.mock.mockito.MockitoContextCustomizer@eaeb3736, org.springframework.test.context.web.socket.MockServerContainerContextCustomizer@1166348], resourceBasePath = 'src/main/webapp', contextLoader = 'org.springframework.test.context.web.WebDelegatingSmartContextLoader', parent = [null]], attributes = map['org.springframework.test.context.event.ApplicationEventsTestExecutionListener.recordApplicationEvents' -> false, 'org.springframework.test.context.support.DependencyInjectionTestExecutionListener.reinjectDependencies' -> true]].
18:11:46.076 [Test worker] DEBUG org.springframework.test.context.cache.DefaultCacheAwareContextLoaderDelegate - Retrieved ApplicationContext [29780559] from cache with key [[WebMergedContextConfiguration@9110c2 testClass = JwtRequestFilterTest, locations = '{}', classes = '{class app.library.filters.JwtRequestFilter}', contextInitializerClasses = '[]', activeProfiles = '{}', propertySourceLocations = '{}', propertySourceProperties = '{}', contextCustomizers = set[org.springframework.boot.test.autoconfigure.actuate.metrics.MetricsExportContextCustomizerFactory$DisableMetricExportContextCustomizer@1be250d, org.springframework.boot.test.autoconfigure.properties.PropertyMappingContextCustomizer@0, org.springframework.boot.test.autoconfigure.web.servlet.WebDriverContextCustomizerFactory$Customizer@52b961, org.springframework.boot.test.context.filter.ExcludeFilterContextCustomizer@676c1a, org.springframework.boot.test.json.DuplicateJsonObjectContextCustomizerFactory$DuplicateJsonObjectContextCustomizer@1c44dec, org.springframework.boot.test.mock.mockito.MockitoContextCustomizer@eaeb3736, org.springframework.test.context.web.socket.MockServerContainerContextCustomizer@1166348], resourceBasePath = 'src/main/webapp', contextLoader = 'org.springframework.test.context.web.WebDelegatingSmartContextLoader', parent = [null]]]
18:11:46.076 [Test worker] DEBUG org.springframework.test.context.cache - Spring test ApplicationContext cache statistics: [DefaultContextCache@8c24 size = 7, maxSize = 32, parentContextCount = 0, hitCount = 361, missCount = 7]
18:11:46.076 [Test worker] DEBUG org.springframework.test.context.support.DependencyInjectionTestExecutionListener - Performing dependency injection for test context [[DefaultTestContext@1982523 testClass = JwtRequestFilterTest, testInstance = app.library.filters.JwtRequestFilterTest@c42c8c, testMethod = [null], testException = [null], mergedContextConfiguration = [WebMergedContextConfiguration@9110c2 testClass = JwtRequestFilterTest, locations = '{}', classes = '{class app.library.filters.JwtRequestFilter}', contextInitializerClasses = '[]', activeProfiles = '{}', propertySourceLocations = '{}', propertySourceProperties = '{}', contextCustomizers = set[org.springframework.boot.test.autoconfigure.actuate.metrics.MetricsExportContextCustomizerFactory$DisableMetricExportContextCustomizer@1be250d, org.springframework.boot.test.autoconfigure.properties.PropertyMappingContextCustomizer@0, org.springframework.boot.test.autoconfigure.web.servlet.WebDriverContextCustomizerFactory$Customizer@52b961, org.springframework.boot.test.context.filter.ExcludeFilterContextCustomizer@676c1a, org.springframework.boot.test.json.DuplicateJsonObjectContextCustomizerFactory$DuplicateJsonObjectContextCustomizer@1c44dec, org.springframework.boot.test.mock.mockito.MockitoContextCustomizer@eaeb3736, org.springframework.test.context.web.socket.MockServerContainerContextCustomizer@1166348], resourceBasePath = 'src/main/webapp', contextLoader = 'org.springframework.test.context.web.WebDelegatingSmartContextLoader', parent = [null]], attributes = map['org.springframework.test.context.web.ServletTestExecutionListener.populatedRequestContextHolder' -> true, 'org.springframework.test.context.web.ServletTestExecutionListener.resetRequestContextHolder' -> true, 'org.springframework.test.context.event.ApplicationEventsTestExecutionListener.recordApplicationEvents' -> false, 'org.springframework.test.context.support.DependencyInjectionTestExecutionListener.reinjectDependencies' -> true]]].
18:11:46.076 [Test worker] DEBUG org.springframework.test.context.cache.DefaultCacheAwareContextLoaderDelegate - Retrieved ApplicationContext [29780559] from cache with key [[WebMergedContextConfiguration@9110c2 testClass = JwtRequestFilterTest, locations = '{}', classes = '{class app.library.filters.JwtRequestFilter}', contextInitializerClasses = '[]', activeProfiles = '{}', propertySourceLocations = '{}', propertySourceProperties = '{}', contextCustomizers = set[org.springframework.boot.test.autoconfigure.actuate.metrics.MetricsExportContextCustomizerFactory$DisableMetricExportContextCustomizer@1be250d, org.springframework.boot.test.autoconfigure.properties.PropertyMappingContextCustomizer@0, org.springframework.boot.test.autoconfigure.web.servlet.WebDriverContextCustomizerFactory$Customizer@52b961, org.springframework.boot.test.context.filter.ExcludeFilterContextCustomizer@676c1a, org.springframework.boot.test.json.DuplicateJsonObjectContextCustomizerFactory$DuplicateJsonObjectContextCustomizer@1c44dec, org.springframework.boot.test.mock.mockito.MockitoContextCustomizer@eaeb3736, org.springframework.test.context.web.socket.MockServerContainerContextCustomizer@1166348], resourceBasePath = 'src/main/webapp', contextLoader = 'org.springframework.test.context.web.WebDelegatingSmartContextLoader', parent = [null]]]
18:11:46.076 [Test worker] DEBUG org.springframework.test.context.cache - Spring test ApplicationContext cache statistics: [DefaultContextCache@8c24 size = 7, maxSize = 32, parentContextCount = 0, hitCount = 362, missCount = 7]
18:11:46.076 [Test worker] DEBUG org.springframework.test.context.cache.DefaultCacheAwareContextLoaderDelegate - Retrieved ApplicationContext [29780559] from cache with key [[WebMergedContextConfiguration@9110c2 testClass = JwtRequestFilterTest, locations = '{}', classes = '{class app.library.filters.JwtRequestFilter}', contextInitializerClasses = '[]', activeProfiles = '{}', propertySourceLocations = '{}', propertySourceProperties = '{}', contextCustomizers = set[org.springframework.boot.test.autoconfigure.actuate.metrics.MetricsExportContextCustomizerFactory$DisableMetricExportContextCustomizer@1be250d, org.springframework.boot.test.autoconfigure.properties.PropertyMappingContextCustomizer@0, org.springframework.boot.test.autoconfigure.web.servlet.WebDriverContextCustomizerFactory$Customizer@52b961, org.springframework.boot.test.context.filter.ExcludeFilterContextCustomizer@676c1a, org.springframework.boot.test.json.DuplicateJsonObjectContextCustomizerFactory$DuplicateJsonObjectContextCustomizer@1c44dec, org.springframework.boot.test.mock.mockito.MockitoContextCustomizer@eaeb3736, org.springframework.test.context.web.socket.MockServerContainerContextCustomizer@1166348], resourceBasePath = 'src/main/webapp', contextLoader = 'org.springframework.test.context.web.WebDelegatingSmartContextLoader', parent = [null]]]
18:11:46.076 [Test worker] DEBUG org.springframework.test.context.cache - Spring test ApplicationContext cache statistics: [DefaultContextCache@8c24 size = 7, maxSize = 32, parentContextCount = 0, hitCount = 363, missCount = 7]
18:11:46.076 [Test worker] DEBUG org.springframework.test.context.support.AbstractDirtiesContextTestExecutionListener - Before test method: context [DefaultTestContext@1982523 testClass = JwtRequestFilterTest, testInstance = app.library.filters.JwtRequestFilterTest@c42c8c, testMethod = testDoFilterInternal3@JwtRequestFilterTest, testException = [null], mergedContextConfiguration = [WebMergedContextConfiguration@9110c2 testClass = JwtRequestFilterTest, locations = '{}', classes = '{class app.library.filters.JwtRequestFilter}', contextInitializerClasses = '[]', activeProfiles = '{}', propertySourceLocations = '{}', propertySourceProperties = '{}', contextCustomizers = set[org.springframework.boot.test.autoconfigure.actuate.metrics.MetricsExportContextCustomizerFactory$DisableMetricExportContextCustomizer@1be250d, org.springframework.boot.test.autoconfigure.properties.PropertyMappingContextCustomizer@0, org.springframework.boot.test.autoconfigure.web.servlet.WebDriverContextCustomizerFactory$Customizer@52b961, org.springframework.boot.test.context.filter.ExcludeFilterContextCustomizer@676c1a, org.springframework.boot.test.json.DuplicateJsonObjectContextCustomizerFactory$DuplicateJsonObjectContextCustomizer@1c44dec, org.springframework.boot.test.mock.mockito.MockitoContextCustomizer@eaeb3736, org.springframework.test.context.web.socket.MockServerContainerContextCustomizer@1166348], resourceBasePath = 'src/main/webapp', contextLoader = 'org.springframework.test.context.web.WebDelegatingSmartContextLoader', parent = [null]], attributes = map['org.springframework.test.context.web.ServletTestExecutionListener.populatedRequestContextHolder' -> true, 'org.springframework.test.context.web.ServletTestExecutionListener.resetRequestContextHolder' -> true, 'org.springframework.test.context.event.ApplicationEventsTestExecutionListener.recordApplicationEvents' -> false]], class annotated with @DirtiesContext [false] with mode [null], method annotated with @DirtiesContext [false] with mode [null].
18:11:46.076 [Test worker] DEBUG org.springframework.test.context.cache.DefaultCacheAwareContextLoaderDelegate - Retrieved ApplicationContext [29780559] from cache with key [[WebMergedContextConfiguration@9110c2 testClass = JwtRequestFilterTest, locations = '{}', classes = '{class app.library.filters.JwtRequestFilter}', contextInitializerClasses = '[]', activeProfiles = '{}', propertySourceLocations = '{}', propertySourceProperties = '{}', contextCustomizers = set[org.springframework.boot.test.autoconfigure.actuate.metrics.MetricsExportContextCustomizerFactory$DisableMetricExportContextCustomizer@1be250d, org.springframework.boot.test.autoconfigure.properties.PropertyMappingContextCustomizer@0, org.springframework.boot.test.autoconfigure.web.servlet.WebDriverContextCustomizerFactory$Customizer@52b961, org.springframework.boot.test.context.filter.ExcludeFilterContextCustomizer@676c1a, org.springframework.boot.test.json.DuplicateJsonObjectContextCustomizerFactory$DuplicateJsonObjectContextCustomizer@1c44dec, org.springframework.boot.test.mock.mockito.MockitoContextCustomizer@eaeb3736, org.springframework.test.context.web.socket.MockServerContainerContextCustomizer@1166348], resourceBasePath = 'src/main/webapp', contextLoader = 'org.springframework.test.context.web.WebDelegatingSmartContextLoader', parent = [null]]]
18:11:46.077 [Test worker] DEBUG org.springframework.test.context.cache - Spring test ApplicationContext cache statistics: [DefaultContextCache@8c24 size = 7, maxSize = 32, parentContextCount = 0, hitCount = 364, missCount = 7]
18:11:46.077 [Test worker] DEBUG org.springframework.test.context.cache.DefaultCacheAwareContextLoaderDelegate - Retrieved ApplicationContext [29780559] from cache with key [[WebMergedContextConfiguration@9110c2 testClass = JwtRequestFilterTest, locations = '{}', classes = '{class app.library.filters.JwtRequestFilter}', contextInitializerClasses = '[]', activeProfiles = '{}', propertySourceLocations = '{}', propertySourceProperties = '{}', contextCustomizers = set[org.springframework.boot.test.autoconfigure.actuate.metrics.MetricsExportContextCustomizerFactory$DisableMetricExportContextCustomizer@1be250d, org.springframework.boot.test.autoconfigure.properties.PropertyMappingContextCustomizer@0, org.springframework.boot.test.autoconfigure.web.servlet.WebDriverContextCustomizerFactory$Customizer@52b961, org.springframework.boot.test.context.filter.ExcludeFilterContextCustomizer@676c1a, org.springframework.boot.test.json.DuplicateJsonObjectContextCustomizerFactory$DuplicateJsonObjectContextCustomizer@1c44dec, org.springframework.boot.test.mock.mockito.MockitoContextCustomizer@eaeb3736, org.springframework.test.context.web.socket.MockServerContainerContextCustomizer@1166348], resourceBasePath = 'src/main/webapp', contextLoader = 'org.springframework.test.context.web.WebDelegatingSmartContextLoader', parent = [null]]]
18:11:46.077 [Test worker] DEBUG org.springframework.test.context.cache - Spring test ApplicationContext cache statistics: [DefaultContextCache@8c24 size = 7, maxSize = 32, parentContextCount = 0, hitCount = 365, missCount = 7]
18:11:46.077 [Test worker] DEBUG org.springframework.test.context.cache.DefaultCacheAwareContextLoaderDelegate - Retrieved ApplicationContext [29780559] from cache with key [[WebMergedContextConfiguration@9110c2 testClass = JwtRequestFilterTest, locations = '{}', classes = '{class app.library.filters.JwtRequestFilter}', contextInitializerClasses = '[]', activeProfiles = '{}', propertySourceLocations = '{}', propertySourceProperties = '{}', contextCustomizers = set[org.springframework.boot.test.autoconfigure.actuate.metrics.MetricsExportContextCustomizerFactory$DisableMetricExportContextCustomizer@1be250d, org.springframework.boot.test.autoconfigure.properties.PropertyMappingContextCustomizer@0, org.springframework.boot.test.autoconfigure.web.servlet.WebDriverContextCustomizerFactory$Customizer@52b961, org.springframework.boot.test.context.filter.ExcludeFilterContextCustomizer@676c1a, org.springframework.boot.test.json.DuplicateJsonObjectContextCustomizerFactory$DuplicateJsonObjectContextCustomizer@1c44dec, org.springframework.boot.test.mock.mockito.MockitoContextCustomizer@eaeb3736, org.springframework.test.context.web.socket.MockServerContainerContextCustomizer@1166348], resourceBasePath = 'src/main/webapp', contextLoader = 'org.springframework.test.context.web.WebDelegatingSmartContextLoader', parent = [null]]]
18:11:46.077 [Test worker] DEBUG org.springframework.test.context.cache - Spring test ApplicationContext cache statistics: [DefaultContextCache@8c24 size = 7, maxSize = 32, parentContextCount = 0, hitCount = 366, missCount = 7]
18:11:46.154 [Test worker] DEBUG org.springframework.test.context.cache.DefaultCacheAwareContextLoaderDelegate - Retrieved ApplicationContext [29780559] from cache with key [[WebMergedContextConfiguration@9110c2 testClass = JwtRequestFilterTest, locations = '{}', classes = '{class app.library.filters.JwtRequestFilter}', contextInitializerClasses = '[]', activeProfiles = '{}', propertySourceLocations = '{}', propertySourceProperties = '{}', contextCustomizers = set[org.springframework.boot.test.autoconfigure.actuate.metrics.MetricsExportContextCustomizerFactory$DisableMetricExportContextCustomizer@1be250d, org.springframework.boot.test.autoconfigure.properties.PropertyMappingContextCustomizer@0, org.springframework.boot.test.autoconfigure.web.servlet.WebDriverContextCustomizerFactory$Customizer@52b961, org.springframework.boot.test.context.filter.ExcludeFilterContextCustomizer@676c1a, org.springframework.boot.test.json.DuplicateJsonObjectContextCustomizerFactory$DuplicateJsonObjectContextCustomizer@1c44dec, org.springframework.boot.test.mock.mockito.MockitoContextCustomizer@eaeb3736, org.springframework.test.context.web.socket.MockServerContainerContextCustomizer@1166348], resourceBasePath = 'src/main/webapp', contextLoader = 'org.springframework.test.context.web.WebDelegatingSmartContextLoader', parent = [null]]]
18:11:46.155 [Test worker] DEBUG org.springframework.test.context.cache - Spring test ApplicationContext cache statistics: [DefaultContextCache@8c24 size = 7, maxSize = 32, parentContextCount = 0, hitCount = 367, missCount = 7]
18:11:46.155 [Test worker] DEBUG org.springframework.test.context.cache.DefaultCacheAwareContextLoaderDelegate - Retrieved ApplicationContext [29780559] from cache with key [[WebMergedContextConfiguration@9110c2 testClass = JwtRequestFilterTest, locations = '{}', classes = '{class app.library.filters.JwtRequestFilter}', contextInitializerClasses = '[]', activeProfiles = '{}', propertySourceLocations = '{}', propertySourceProperties = '{}', contextCustomizers = set[org.springframework.boot.test.autoconfigure.actuate.metrics.MetricsExportContextCustomizerFactory$DisableMetricExportContextCustomizer@1be250d, org.springframework.boot.test.autoconfigure.properties.PropertyMappingContextCustomizer@0, org.springframework.boot.test.autoconfigure.web.servlet.WebDriverContextCustomizerFactory$Customizer@52b961, org.springframework.boot.test.context.filter.ExcludeFilterContextCustomizer@676c1a, org.springframework.boot.test.json.DuplicateJsonObjectContextCustomizerFactory$DuplicateJsonObjectContextCustomizer@1c44dec, org.springframework.boot.test.mock.mockito.MockitoContextCustomizer@eaeb3736, org.springframework.test.context.web.socket.MockServerContainerContextCustomizer@1166348], resourceBasePath = 'src/main/webapp', contextLoader = 'org.springframework.test.context.web.WebDelegatingSmartContextLoader', parent = [null]]]
18:11:46.155 [Test worker] DEBUG org.springframework.test.context.cache - Spring test ApplicationContext cache statistics: [DefaultContextCache@8c24 size = 7, maxSize = 32, parentContextCount = 0, hitCount = 368, missCount = 7]
18:11:46.155 [Test worker] DEBUG org.springframework.test.context.cache.DefaultCacheAwareContextLoaderDelegate - Retrieved ApplicationContext [29780559] from cache with key [[WebMergedContextConfiguration@9110c2 testClass = JwtRequestFilterTest, locations = '{}', classes = '{class app.library.filters.JwtRequestFilter}', contextInitializerClasses = '[]', activeProfiles = '{}', propertySourceLocations = '{}', propertySourceProperties = '{}', contextCustomizers = set[org.springframework.boot.test.autoconfigure.actuate.metrics.MetricsExportContextCustomizerFactory$DisableMetricExportContextCustomizer@1be250d, org.springframework.boot.test.autoconfigure.properties.PropertyMappingContextCustomizer@0, org.springframework.boot.test.autoconfigure.web.servlet.WebDriverContextCustomizerFactory$Customizer@52b961, org.springframework.boot.test.context.filter.ExcludeFilterContextCustomizer@676c1a, org.springframework.boot.test.json.DuplicateJsonObjectContextCustomizerFactory$DuplicateJsonObjectContextCustomizer@1c44dec, org.springframework.boot.test.mock.mockito.MockitoContextCustomizer@eaeb3736, org.springframework.test.context.web.socket.MockServerContainerContextCustomizer@1166348], resourceBasePath = 'src/main/webapp', contextLoader = 'org.springframework.test.context.web.WebDelegatingSmartContextLoader', parent = [null]]]
18:11:46.155 [Test worker] DEBUG org.springframework.test.context.cache - Spring test ApplicationContext cache statistics: [DefaultContextCache@8c24 size = 7, maxSize = 32, parentContextCount = 0, hitCount = 369, missCount = 7]
18:11:46.155 [Test worker] DEBUG org.springframework.test.context.cache.DefaultCacheAwareContextLoaderDelegate - Retrieved ApplicationContext [29780559] from cache with key [[WebMergedContextConfiguration@9110c2 testClass = JwtRequestFilterTest, locations = '{}', classes = '{class app.library.filters.JwtRequestFilter}', contextInitializerClasses = '[]', activeProfiles = '{}', propertySourceLocations = '{}', propertySourceProperties = '{}', contextCustomizers = set[org.springframework.boot.test.autoconfigure.actuate.metrics.MetricsExportContextCustomizerFactory$DisableMetricExportContextCustomizer@1be250d, org.springframework.boot.test.autoconfigure.properties.PropertyMappingContextCustomizer@0, org.springframework.boot.test.autoconfigure.web.servlet.WebDriverContextCustomizerFactory$Customizer@52b961, org.springframework.boot.test.context.filter.ExcludeFilterContextCustomizer@676c1a, org.springframework.boot.test.json.DuplicateJsonObjectContextCustomizerFactory$DuplicateJsonObjectContextCustomizer@1c44dec, org.springframework.boot.test.mock.mockito.MockitoContextCustomizer@eaeb3736, org.springframework.test.context.web.socket.MockServerContainerContextCustomizer@1166348], resourceBasePath = 'src/main/webapp', contextLoader = 'org.springframework.test.context.web.WebDelegatingSmartContextLoader', parent = [null]]]
18:11:46.155 [Test worker] DEBUG org.springframework.test.context.cache - Spring test ApplicationContext cache statistics: [DefaultContextCache@8c24 size = 7, maxSize = 32, parentContextCount = 0, hitCount = 370, missCount = 7]
18:11:46.155 [Test worker] DEBUG org.springframework.test.context.cache.DefaultCacheAwareContextLoaderDelegate - Retrieved ApplicationContext [29780559] from cache with key [[WebMergedContextConfiguration@9110c2 testClass = JwtRequestFilterTest, locations = '{}', classes = '{class app.library.filters.JwtRequestFilter}', contextInitializerClasses = '[]', activeProfiles = '{}', propertySourceLocations = '{}', propertySourceProperties = '{}', contextCustomizers = set[org.springframework.boot.test.autoconfigure.actuate.metrics.MetricsExportContextCustomizerFactory$DisableMetricExportContextCustomizer@1be250d, org.springframework.boot.test.autoconfigure.properties.PropertyMappingContextCustomizer@0, org.springframework.boot.test.autoconfigure.web.servlet.WebDriverContextCustomizerFactory$Customizer@52b961, org.springframework.boot.test.context.filter.ExcludeFilterContextCustomizer@676c1a, org.springframework.boot.test.json.DuplicateJsonObjectContextCustomizerFactory$DuplicateJsonObjectContextCustomizer@1c44dec, org.springframework.boot.test.mock.mockito.MockitoContextCustomizer@eaeb3736, org.springframework.test.context.web.socket.MockServerContainerContextCustomizer@1166348], resourceBasePath = 'src/main/webapp', contextLoader = 'org.springframework.test.context.web.WebDelegatingSmartContextLoader', parent = [null]]]
18:11:46.156 [Test worker] DEBUG org.springframework.test.context.cache - Spring test ApplicationContext cache statistics: [DefaultContextCache@8c24 size = 7, maxSize = 32, parentContextCount = 0, hitCount = 371, missCount = 7]
18:11:46.156 [Test worker] DEBUG org.springframework.test.context.cache.DefaultCacheAwareContextLoaderDelegate - Retrieved ApplicationContext [29780559] from cache with key [[WebMergedContextConfiguration@9110c2 testClass = JwtRequestFilterTest, locations = '{}', classes = '{class app.library.filters.JwtRequestFilter}', contextInitializerClasses = '[]', activeProfiles = '{}', propertySourceLocations = '{}', propertySourceProperties = '{}', contextCustomizers = set[org.springframework.boot.test.autoconfigure.actuate.metrics.MetricsExportContextCustomizerFactory$DisableMetricExportContextCustomizer@1be250d, org.springframework.boot.test.autoconfigure.properties.PropertyMappingContextCustomizer@0, org.springframework.boot.test.autoconfigure.web.servlet.WebDriverContextCustomizerFactory$Customizer@52b961, org.springframework.boot.test.context.filter.ExcludeFilterContextCustomizer@676c1a, org.springframework.boot.test.json.DuplicateJsonObjectContextCustomizerFactory$DuplicateJsonObjectContextCustomizer@1c44dec, org.springframework.boot.test.mock.mockito.MockitoContextCustomizer@eaeb3736, org.springframework.test.context.web.socket.MockServerContainerContextCustomizer@1166348], resourceBasePath = 'src/main/webapp', contextLoader = 'org.springframework.test.context.web.WebDelegatingSmartContextLoader', parent = [null]]]
18:11:46.156 [Test worker] DEBUG org.springframework.test.context.cache - Spring test ApplicationContext cache statistics: [DefaultContextCache@8c24 size = 7, maxSize = 32, parentContextCount = 0, hitCount = 372, missCount = 7]
18:11:46.156 [Test worker] DEBUG org.springframework.test.context.support.AbstractDirtiesContextTestExecutionListener - After test method: context [DefaultTestContext@1982523 testClass = JwtRequestFilterTest, testInstance = app.library.filters.JwtRequestFilterTest@c42c8c, testMethod = testDoFilterInternal3@JwtRequestFilterTest, testException = [null], mergedContextConfiguration = [WebMergedContextConfiguration@9110c2 testClass = JwtRequestFilterTest, locations = '{}', classes = '{class app.library.filters.JwtRequestFilter}', contextInitializerClasses = '[]', activeProfiles = '{}', propertySourceLocations = '{}', propertySourceProperties = '{}', contextCustomizers = set[org.springframework.boot.test.autoconfigure.actuate.metrics.MetricsExportContextCustomizerFactory$DisableMetricExportContextCustomizer@1be250d, org.springframework.boot.test.autoconfigure.properties.PropertyMappingContextCustomizer@0, org.springframework.boot.test.autoconfigure.web.servlet.WebDriverContextCustomizerFactory$Customizer@52b961, org.springframework.boot.test.context.filter.ExcludeFilterContextCustomizer@676c1a, org.springframework.boot.test.json.DuplicateJsonObjectContextCustomizerFactory$DuplicateJsonObjectContextCustomizer@1c44dec, org.springframework.boot.test.mock.mockito.MockitoContextCustomizer@eaeb3736, org.springframework.test.context.web.socket.MockServerContainerContextCustomizer@1166348], resourceBasePath = 'src/main/webapp', contextLoader = 'org.springframework.test.context.web.WebDelegatingSmartContextLoader', parent = [null]], attributes = map['org.springframework.test.context.web.ServletTestExecutionListener.populatedRequestContextHolder' -> true, 'org.springframework.test.context.web.ServletTestExecutionListener.resetRequestContextHolder' -> true, 'org.springframework.test.context.event.ApplicationEventsTestExecutionListener.recordApplicationEvents' -> false]], class annotated with @DirtiesContext [false] with mode [null], method annotated with @DirtiesContext [false] with mode [null].
18:11:46.156 [Test worker] DEBUG org.springframework.test.context.web.ServletTestExecutionListener - Resetting RequestContextHolder for test context [DefaultTestContext@1982523 testClass = JwtRequestFilterTest, testInstance = app.library.filters.JwtRequestFilterTest@c42c8c, testMethod = testDoFilterInternal3@JwtRequestFilterTest, testException = [null], mergedContextConfiguration = [WebMergedContextConfiguration@9110c2 testClass = JwtRequestFilterTest, locations = '{}', classes = '{class app.library.filters.JwtRequestFilter}', contextInitializerClasses = '[]', activeProfiles = '{}', propertySourceLocations = '{}', propertySourceProperties = '{}', contextCustomizers = set[org.springframework.boot.test.autoconfigure.actuate.metrics.MetricsExportContextCustomizerFactory$DisableMetricExportContextCustomizer@1be250d, org.springframework.boot.test.autoconfigure.properties.PropertyMappingContextCustomizer@0, org.springframework.boot.test.autoconfigure.web.servlet.WebDriverContextCustomizerFactory$Customizer@52b961, org.springframework.boot.test.context.filter.ExcludeFilterContextCustomizer@676c1a, org.springframework.boot.test.json.DuplicateJsonObjectContextCustomizerFactory$DuplicateJsonObjectContextCustomizer@1c44dec, org.springframework.boot.test.mock.mockito.MockitoContextCustomizer@eaeb3736, org.springframework.test.context.web.socket.MockServerContainerContextCustomizer@1166348], resourceBasePath = 'src/main/webapp', contextLoader = 'org.springframework.test.context.web.WebDelegatingSmartContextLoader', parent = [null]], attributes = map['org.springframework.test.context.web.ServletTestExecutionListener.populatedRequestContextHolder' -> true, 'org.springframework.test.context.web.ServletTestExecutionListener.resetRequestContextHolder' -> true, 'org.springframework.test.context.event.ApplicationEventsTestExecutionListener.recordApplicationEvents' -> false]].
18:11:46.157 [Test worker] DEBUG org.springframework.test.context.cache.DefaultCacheAwareContextLoaderDelegate - Retrieved ApplicationContext [29780559] from cache with key [[WebMergedContextConfiguration@9110c2 testClass = JwtRequestFilterTest, locations = '{}', classes = '{class app.library.filters.JwtRequestFilter}', contextInitializerClasses = '[]', activeProfiles = '{}', propertySourceLocations = '{}', propertySourceProperties = '{}', contextCustomizers = set[org.springframework.boot.test.autoconfigure.actuate.metrics.MetricsExportContextCustomizerFactory$DisableMetricExportContextCustomizer@1be250d, org.springframework.boot.test.autoconfigure.properties.PropertyMappingContextCustomizer@0, org.springframework.boot.test.autoconfigure.web.servlet.WebDriverContextCustomizerFactory$Customizer@52b961, org.springframework.boot.test.context.filter.ExcludeFilterContextCustomizer@676c1a, org.springframework.boot.test.json.DuplicateJsonObjectContextCustomizerFactory$DuplicateJsonObjectContextCustomizer@1c44dec, org.springframework.boot.test.mock.mockito.MockitoContextCustomizer@eaeb3736, org.springframework.test.context.web.socket.MockServerContainerContextCustomizer@1166348], resourceBasePath = 'src/main/webapp', contextLoader = 'org.springframework.test.context.web.WebDelegatingSmartContextLoader', parent = [null]]]
18:11:46.157 [Test worker] DEBUG org.springframework.test.context.cache - Spring test ApplicationContext cache statistics: [DefaultContextCache@8c24 size = 7, maxSize = 32, parentContextCount = 0, hitCount = 373, missCount = 7]
18:11:46.157 [Test worker] DEBUG org.springframework.test.context.web.ServletTestExecutionListener - Setting up MockHttpServletRequest, MockHttpServletResponse, ServletWebRequest, and RequestContextHolder for test context [DefaultTestContext@1982523 testClass = JwtRequestFilterTest, testInstance = app.library.filters.JwtRequestFilterTest@b54cfe, testMethod = [null], testException = [null], mergedContextConfiguration = [WebMergedContextConfiguration@9110c2 testClass = JwtRequestFilterTest, locations = '{}', classes = '{class app.library.filters.JwtRequestFilter}', contextInitializerClasses = '[]', activeProfiles = '{}', propertySourceLocations = '{}', propertySourceProperties = '{}', contextCustomizers = set[org.springframework.boot.test.autoconfigure.actuate.metrics.MetricsExportContextCustomizerFactory$DisableMetricExportContextCustomizer@1be250d, org.springframework.boot.test.autoconfigure.properties.PropertyMappingContextCustomizer@0, org.springframework.boot.test.autoconfigure.web.servlet.WebDriverContextCustomizerFactory$Customizer@52b961, org.springframework.boot.test.context.filter.ExcludeFilterContextCustomizer@676c1a, org.springframework.boot.test.json.DuplicateJsonObjectContextCustomizerFactory$DuplicateJsonObjectContextCustomizer@1c44dec, org.springframework.boot.test.mock.mockito.MockitoContextCustomizer@eaeb3736, org.springframework.test.context.web.socket.MockServerContainerContextCustomizer@1166348], resourceBasePath = 'src/main/webapp', contextLoader = 'org.springframework.test.context.web.WebDelegatingSmartContextLoader', parent = [null]], attributes = map['org.springframework.test.context.event.ApplicationEventsTestExecutionListener.recordApplicationEvents' -> false, 'org.springframework.test.context.support.DependencyInjectionTestExecutionListener.reinjectDependencies' -> true]].
18:11:46.157 [Test worker] DEBUG org.springframework.test.context.cache.DefaultCacheAwareContextLoaderDelegate - Retrieved ApplicationContext [29780559] from cache with key [[WebMergedContextConfiguration@9110c2 testClass = JwtRequestFilterTest, locations = '{}', classes = '{class app.library.filters.JwtRequestFilter}', contextInitializerClasses = '[]', activeProfiles = '{}', propertySourceLocations = '{}', propertySourceProperties = '{}', contextCustomizers = set[org.springframework.boot.test.autoconfigure.actuate.metrics.MetricsExportContextCustomizerFactory$DisableMetricExportContextCustomizer@1be250d, org.springframework.boot.test.autoconfigure.properties.PropertyMappingContextCustomizer@0, org.springframework.boot.test.autoconfigure.web.servlet.WebDriverContextCustomizerFactory$Customizer@52b961, org.springframework.boot.test.context.filter.ExcludeFilterContextCustomizer@676c1a, org.springframework.boot.test.json.DuplicateJsonObjectContextCustomizerFactory$DuplicateJsonObjectContextCustomizer@1c44dec, org.springframework.boot.test.mock.mockito.MockitoContextCustomizer@eaeb3736, org.springframework.test.context.web.socket.MockServerContainerContextCustomizer@1166348], resourceBasePath = 'src/main/webapp', contextLoader = 'org.springframework.test.context.web.WebDelegatingSmartContextLoader', parent = [null]]]
18:11:46.157 [Test worker] DEBUG org.springframework.test.context.cache - Spring test ApplicationContext cache statistics: [DefaultContextCache@8c24 size = 7, maxSize = 32, parentContextCount = 0, hitCount = 374, missCount = 7]
18:11:46.157 [Test worker] DEBUG org.springframework.test.context.support.DependencyInjectionTestExecutionListener - Performing dependency injection for test context [[DefaultTestContext@1982523 testClass = JwtRequestFilterTest, testInstance = app.library.filters.JwtRequestFilterTest@b54cfe, testMethod = [null], testException = [null], mergedContextConfiguration = [WebMergedContextConfiguration@9110c2 testClass = JwtRequestFilterTest, locations = '{}', classes = '{class app.library.filters.JwtRequestFilter}', contextInitializerClasses = '[]', activeProfiles = '{}', propertySourceLocations = '{}', propertySourceProperties = '{}', contextCustomizers = set[org.springframework.boot.test.autoconfigure.actuate.metrics.MetricsExportContextCustomizerFactory$DisableMetricExportContextCustomizer@1be250d, org.springframework.boot.test.autoconfigure.properties.PropertyMappingContextCustomizer@0, org.springframework.boot.test.autoconfigure.web.servlet.WebDriverContextCustomizerFactory$Customizer@52b961, org.springframework.boot.test.context.filter.ExcludeFilterContextCustomizer@676c1a, org.springframework.boot.test.json.DuplicateJsonObjectContextCustomizerFactory$DuplicateJsonObjectContextCustomizer@1c44dec, org.springframework.boot.test.mock.mockito.MockitoContextCustomizer@eaeb3736, org.springframework.test.context.web.socket.MockServerContainerContextCustomizer@1166348], resourceBasePath = 'src/main/webapp', contextLoader = 'org.springframework.test.context.web.WebDelegatingSmartContextLoader', parent = [null]], attributes = map['org.springframework.test.context.web.ServletTestExecutionListener.populatedRequestContextHolder' -> true, 'org.springframework.test.context.web.ServletTestExecutionListener.resetRequestContextHolder' -> true, 'org.springframework.test.context.event.ApplicationEventsTestExecutionListener.recordApplicationEvents' -> false, 'org.springframework.test.context.support.DependencyInjectionTestExecutionListener.reinjectDependencies' -> true]]].
[...]
18:11:46.159 [Test worker] DEBUG org.springframework.test.context.cache.DefaultCacheAwareContextLoaderDelegate - Retrieved ApplicationContext [29780559] from cache with key [[WebMergedContextConfiguration@9110c2 testClass = JwtRequestFilterTest, locations = '{}', classes = '{class app.library.filters.JwtRequestFilter}', contextInitializerClasses = '[]', activeProfiles = '{}', propertySourceLocations = '{}', propertySourceProperties = '{}', contextCustomizers = set[org.springframework.boot.test.autoconfigure.actuate.metrics.MetricsExportContextCustomizerFactory$DisableMetricExportContextCustomizer@1be250d, org.springframework.boot.test.autoconfigure.properties.PropertyMappingContextCustomizer@0, org.springframework.boot.test.autoconfigure.web.servlet.WebDriverContextCustomizerFactory$Customizer@52b961, org.springframework.boot.test.context.filter.ExcludeFilterContextCustomizer@676c1a, org.springframework.boot.test.json.DuplicateJsonObjectContextCustomizerFactory$DuplicateJsonObjectContextCustomizer@1c44dec, org.springframework.boot.test.mock.mockito.MockitoContextCustomizer@eaeb3736, org.springframework.test.context.web.socket.MockServerContainerContextCustomizer@1166348], resourceBasePath = 'src/main/webapp', contextLoader = 'org.springframework.test.context.web.WebDelegatingSmartContextLoader', parent = [null]]]
18:11:46.159 [Test worker] DEBUG org.springframework.test.context.cache - Spring test ApplicationContext cache statistics: [DefaultContextCache@8c24 size = 7, maxSize = 32, parentContextCount = 0, hitCount = 378, missCount = 7]
18:11:46.159 [Test worker] DEBUG org.springframework.test.context.cache.DefaultCacheAwareContextLoaderDelegate - Retrieved ApplicationContext [29780559] from cache with key [[WebMergedContextConfiguration@9110c2 testClass = JwtRequestFilterTest, locations = '{}', classes = '{class app.library.filters.JwtRequestFilter}', contextInitializerClasses = '[]', activeProfiles = '{}', propertySourceLocations = '{}', propertySourceProperties = '{}', contextCustomizers = set[org.springframework.boot.test.autoconfigure.actuate.metrics.MetricsExportContextCustomizerFactory$DisableMetricExportContextCustomizer@1be250d, org.springframework.boot.test.autoconfigure.properties.PropertyMappingContextCustomizer@0, org.springframework.boot.test.autoconfigure.web.servlet.WebDriverContextCustomizerFactory$Customizer@52b961, org.springframework.boot.test.context.filter.ExcludeFilterContextCustomizer@676c1a, org.springframework.boot.test.json.DuplicateJsonObjectContextCustomizerFactory$DuplicateJsonObjectContextCustomizer@1c44dec, org.springframework.boot.test.mock.mockito.MockitoContextCustomizer@eaeb3736, org.springframework.test.context.web.socket.MockServerContainerContextCustomizer@1166348], resourceBasePath = 'src/main/webapp', contextLoader = 'org.springframework.test.context.web.WebDelegatingSmartContextLoader', parent = [null]]]
18:11:46.159 [Test worker] DEBUG org.springframework.test.context.cache - Spring test ApplicationContext cache statistics: [DefaultContextCache@8c24 size = 7, maxSize = 32, parentContextCount = 0, hitCount = 379, missCount = 7]
18:11:46.239 [Test worker] DEBUG org.springframework.test.context.cache.DefaultCacheAwareContextLoaderDelegate - Retrieved ApplicationContext [29780559] from cache with key [[WebMergedContextConfiguration@9110c2 testClass = JwtRequestFilterTest, locations = '{}', classes = '{class app.library.filters.JwtRequestFilter}', contextInitializerClasses = '[]', activeProfiles = '{}', propertySourceLocations = '{}', propertySourceProperties = '{}', contextCustomizers = set[org.springframework.boot.test.autoconfigure.actuate.metrics.MetricsExportContextCustomizerFactory$DisableMetricExportContextCustomizer@1be250d, org.springframework.boot.test.autoconfigure.properties.PropertyMappingContextCustomizer@0, org.springframework.boot.test.autoconfigure.web.servlet.WebDriverContextCustomizerFactory$Customizer@52b961, org.springframework.boot.test.context.filter.ExcludeFilterContextCustomizer@676c1a, org.springframework.boot.test.json.DuplicateJsonObjectContextCustomizerFactory$DuplicateJsonObjectContextCustomizer@1c44dec, org.springframework.boot.test.mock.mockito.MockitoContextCustomizer@eaeb3736, org.springframework.test.context.web.socket.MockServerContainerContextCustomizer@1166348], resourceBasePath = 'src/main/webapp', contextLoader = 'org.springframework.test.context.web.WebDelegatingSmartContextLoader', parent = [null]]]
18:11:46.239 [Test worker] DEBUG org.springframework.test.context.cache - Spring test ApplicationContext cache statistics: [DefaultContextCache@8c24 size = 7, maxSize = 32, parentContextCount = 0, hitCount = 380, missCount = 7]
18:11:46.239 [Test worker] DEBUG org.springframework.test.context.cache.DefaultCacheAwareContextLoaderDelegate - Retrieved ApplicationContext [29780559] from cache with key [[WebMergedContextConfiguration@9110c2 testClass = JwtRequestFilterTest, locations = '{}', classes = '{class app.library.filters.JwtRequestFilter}', contextInitializerClasses = '[]', activeProfiles = '{}', propertySourceLocations = '{}', propertySourceProperties = '{}', contextCustomizers = set[org.springframework.boot.test.autoconfigure.actuate.metrics.MetricsExportContextCustomizerFactory$DisableMetricExportContextCustomizer@1be250d, org.springframework.boot.test.autoconfigure.properties.PropertyMappingContextCustomizer@0, org.springframework.boot.test.autoconfigure.web.servlet.WebDriverContextCustomizerFactory$Customizer@52b961, org.springframework.boot.test.context.filter.ExcludeFilterContextCustomizer@676c1a, org.springframework.boot.test.json.DuplicateJsonObjectContextCustomizerFactory$DuplicateJsonObjectContextCustomizer@1c44dec, org.springframework.boot.test.mock.mockito.MockitoContextCustomizer@eaeb3736, org.springframework.test.context.web.socket.MockServerContainerContextCustomizer@1166348], resourceBasePath = 'src/main/webapp', contextLoader = 'org.springframework.test.context.web.WebDelegatingSmartContextLoader', parent = [null]]]
18:11:46.239 [Test worker] DEBUG org.springframework.test.context.cache - Spring test ApplicationContext cache statistics: [DefaultContextCache@8c24 size = 7, maxSize = 32, parentContextCount = 0, hitCount = 381, missCount = 7]
18:11:46.240 [Test worker] DEBUG org.springframework.test.context.cache.DefaultCacheAwareContextLoaderDelegate - Retrieved ApplicationContext [29780559] from cache with key [[WebMergedContextConfiguration@9110c2 testClass = JwtRequestFilterTest, locations = '{}', classes = '{class app.library.filters.JwtRequestFilter}', contextInitializerClasses = '[]', activeProfiles = '{}', propertySourceLocations = '{}', propertySourceProperties = '{}', contextCustomizers = set[org.springframework.boot.test.autoconfigure.actuate.metrics.MetricsExportContextCustomizerFactory$DisableMetricExportContextCustomizer@1be250d, org.springframework.boot.test.autoconfigure.properties.PropertyMappingContextCustomizer@0, org.springframework.boot.test.autoconfigure.web.servlet.WebDriverContextCustomizerFactory$Customizer@52b961, org.springframework.boot.test.context.filter.ExcludeFilterContextCustomizer@676c1a, org.springframework.boot.test.json.DuplicateJsonObjectContextCustomizerFactory$DuplicateJsonObjectContextCustomizer@1c44dec, org.springframework.boot.test.mock.mockito.MockitoContextCustomizer@eaeb3736, org.springframework.test.context.web.socket.MockServerContainerContextCustomizer@1166348], resourceBasePath = 'src/main/webapp', contextLoader = 'org.springframework.test.context.web.WebDelegatingSmartContextLoader', parent = [null]]]
18:11:46.240 [Test worker] DEBUG org.springframework.test.context.cache - Spring test ApplicationContext cache statistics: [DefaultContextCache@8c24 size = 7, maxSize = 32, parentContextCount = 0, hitCount = 382, missCount = 7]
18:11:46.240 [Test worker] DEBUG org.springframework.test.context.cache.DefaultCacheAwareContextLoaderDelegate - Retrieved ApplicationContext [29780559] from cache with key [[WebMergedContextConfiguration@9110c2 testClass = JwtRequestFilterTest, locations = '{}', classes = '{class app.library.filters.JwtRequestFilter}', contextInitializerClasses = '[]', activeProfiles = '{}', propertySourceLocations = '{}', propertySourceProperties = '{}', contextCustomizers = set[org.springframework.boot.test.autoconfigure.actuate.metrics.MetricsExportContextCustomizerFactory$DisableMetricExportContextCustomizer@1be250d, org.springframework.boot.test.autoconfigure.properties.PropertyMappingContextCustomizer@0, org.springframework.boot.test.autoconfigure.web.servlet.WebDriverContextCustomizerFactory$Customizer@52b961, org.springframework.boot.test.context.filter.ExcludeFilterContextCustomizer@676c1a, org.springframework.boot.test.json.DuplicateJsonObjectContextCustomizerFactory$DuplicateJsonObjectContextCustomizer@1c44dec, org.springframework.boot.test.mock.mockito.MockitoContextCustomizer@eaeb3736, org.springframework.test.context.web.socket.MockServerContainerContextCustomizer@1166348], resourceBasePath = 'src/main/webapp', contextLoader = 'org.springframework.test.context.web.WebDelegatingSmartContextLoader', parent = [null]]]
18:11:46.240 [Test worker] DEBUG org.springframework.test.context.cache - Spring test ApplicationContext cache statistics: [DefaultContextCache@8c24 size = 7, maxSize = 32, parentContextCount = 0, hitCount = 383, missCount = 7]
18:11:46.240 [Test worker] DEBUG org.springframework.test.context.cache.DefaultCacheAwareContextLoaderDelegate - Retrieved ApplicationContext [29780559] from cache with key [[WebMergedContextConfiguration@9110c2 testClass = JwtRequestFilterTest, locations = '{}', classes = '{class app.library.filters.JwtRequestFilter}', contextInitializerClasses = '[]', activeProfiles = '{}', propertySourceLocations = '{}', propertySourceProperties = '{}', contextCustomizers = set[org.springframework.boot.test.autoconfigure.actuate.metrics.MetricsExportContextCustomizerFactory$DisableMetricExportContextCustomizer@1be250d, org.springframework.boot.test.autoconfigure.properties.PropertyMappingContextCustomizer@0, org.springframework.boot.test.autoconfigure.web.servlet.WebDriverContextCustomizerFactory$Customizer@52b961, org.springframework.boot.test.context.filter.ExcludeFilterContextCustomizer@676c1a, org.springframework.boot.test.json.DuplicateJsonObjectContextCustomizerFactory$DuplicateJsonObjectContextCustomizer@1c44dec, org.springframework.boot.test.mock.mockito.MockitoContextCustomizer@eaeb3736, org.springframework.test.context.web.socket.MockServerContainerContextCustomizer@1166348], resourceBasePath = 'src/main/webapp', contextLoader = 'org.springframework.test.context.web.WebDelegatingSmartContextLoader', parent = [null]]]
18:11:46.240 [Test worker] DEBUG org.springframework.test.context.cache - Spring test ApplicationContext cache statistics: [DefaultContextCache@8c24 size = 7, maxSize = 32, parentContextCount = 0, hitCount = 384, missCount = 7]
18:11:46.240 [Test worker] DEBUG org.springframework.test.context.cache.DefaultCacheAwareContextLoaderDelegate - Retrieved ApplicationContext [29780559] from cache with key [[WebMergedContextConfiguration@9110c2 testClass = JwtRequestFilterTest, locations = '{}', classes = '{class app.library.filters.JwtRequestFilter}', contextInitializerClasses = '[]', activeProfiles = '{}', propertySourceLocations = '{}', propertySourceProperties = '{}', contextCustomizers = set[org.springframework.boot.test.autoconfigure.actuate.metrics.MetricsExportContextCustomizerFactory$DisableMetricExportContextCustomizer@1be250d, org.springframework.boot.test.autoconfigure.properties.PropertyMappingContextCustomizer@0, org.springframework.boot.test.autoconfigure.web.servlet.WebDriverContextCustomizerFactory$Customizer@52b961, org.springframework.boot.test.context.filter.ExcludeFilterContextCustomizer@676c1a, org.springframework.boot.test.json.DuplicateJsonObjectContextCustomizerFactory$DuplicateJsonObjectContextCustomizer@1c44dec, org.springframework.boot.test.mock.mockito.MockitoContextCustomizer@eaeb3736, org.springframework.test.context.web.socket.MockServerContainerContextCustomizer@1166348], resourceBasePath = 'src/main/webapp', contextLoader = 'org.springframework.test.context.web.WebDelegatingSmartContextLoader', parent = [null]]]
18:11:46.240 [Test worker] DEBUG org.springframework.test.context.cache - Spring test ApplicationContext cache statistics: [DefaultContextCache@8c24 size = 7, maxSize = 32, parentContextCount = 0, hitCount = 385, missCount = 7]
18:11:46.241 [Test worker] DEBUG org.springframework.test.context.support.AbstractDirtiesContextTestExecutionListener - After test method: context [DefaultTestContext@1982523 testClass = JwtRequestFilterTest, testInstance = app.library.filters.JwtRequestFilterTest@b54cfe, testMethod = testDoFilterInternal4@JwtRequestFilterTest, testException = [null], mergedContextConfiguration = [WebMergedContextConfiguration@9110c2 testClass = JwtRequestFilterTest, locations = '{}', classes = '{class app.library.filters.JwtRequestFilter}', contextInitializerClasses = '[]', activeProfiles = '{}', propertySourceLocations = '{}', propertySourceProperties = '{}', contextCustomizers = set[org.springframework.boot.test.autoconfigure.actuate.metrics.MetricsExportContextCustomizerFactory$DisableMetricExportContextCustomizer@1be250d, org.springframework.boot.test.autoconfigure.properties.PropertyMappingContextCustomizer@0, org.springframework.boot.test.autoconfigure.web.servlet.WebDriverContextCustomizerFactory$Customizer@52b961, org.springframework.boot.test.context.filter.ExcludeFilterContextCustomizer@676c1a, org.springframework.boot.test.json.DuplicateJsonObjectContextCustomizerFactory$DuplicateJsonObjectContextCustomizer@1c44dec, org.springframework.boot.test.mock.mockito.MockitoContextCustomizer@eaeb3736, org.springframework.test.context.web.socket.MockServerContainerContextCustomizer@1166348], resourceBasePath = 'src/main/webapp', contextLoader = 'org.springframework.test.context.web.WebDelegatingSmartContextLoader', parent = [null]], attributes = map['org.springframework.test.context.web.ServletTestExecutionListener.populatedRequestContextHolder' -> true, 'org.springframework.test.context.web.ServletTestExecutionListener.resetRequestContextHolder' -> true, 'org.springframework.test.context.event.ApplicationEventsTestExecutionListener.recordApplicationEvents' -> false]], class annotated with @DirtiesContext [false] with mode [null], method annotated with @DirtiesContext [false] with mode [null].
18:11:46.241 [Test worker] DEBUG org.springframework.test.context.web.ServletTestExecutionListener - Resetting RequestContextHolder for test context [DefaultTestContext@1982523 testClass = JwtRequestFilterTest, testInstance = app.library.filters.JwtRequestFilterTest@b54cfe, testMethod = testDoFilterInternal4@JwtRequestFilterTest, testException = [null], mergedContextConfiguration = [WebMergedContextConfiguration@9110c2 testClass = JwtRequestFilterTest, locations = '{}', classes = '{class app.library.filters.JwtRequestFilter}', contextInitializerClasses = '[]', activeProfiles = '{}', propertySourceLocations = '{}', propertySourceProperties = '{}', contextCustomizers = set[org.springframework.boot.test.autoconfigure.actuate.metrics.MetricsExportContextCustomizerFactory$DisableMetricExportContextCustomizer@1be250d, org.springframework.boot.test.autoconfigure.properties.PropertyMappingContextCustomizer@0, org.springframework.boot.test.autoconfigure.web.servlet.WebDriverContextCustomizerFactory$Customizer@52b961, org.springframework.boot.test.context.filter.ExcludeFilterContextCustomizer@676c1a, org.springframework.boot.test.json.DuplicateJsonObjectContextCustomizerFactory$DuplicateJsonObjectContextCustomizer@1c44dec, org.springframework.boot.test.mock.mockito.MockitoContextCustomizer@eaeb3736, org.springframework.test.context.web.socket.MockServerContainerContextCustomizer@1166348], resourceBasePath = 'src/main/webapp', contextLoader = 'org.springframework.test.context.web.WebDelegatingSmartContextLoader', parent = [null]], attributes = map['org.springframework.test.context.web.ServletTestExecutionListener.populatedRequestContextHolder' -> true, 'org.springframework.test.context.web.ServletTestExecutionListener.resetRequestContextHolder' -> true, 'org.springframework.test.context.event.ApplicationEventsTestExecutionListener.recordApplicationEvents' -> false]].
18:11:46.241 [Test worker] DEBUG org.springframework.test.context.cache.DefaultCacheAwareContextLoaderDelegate - Retrieved ApplicationContext [29780559] from cache with key [[WebMergedContextConfiguration@9110c2 testClass = JwtRequestFilterTest, locations = '{}', classes = '{class app.library.filters.JwtRequestFilter}', contextInitializerClasses = '[]', activeProfiles = '{}', propertySourceLocations = '{}', propertySourceProperties = '{}', contextCustomizers = set[org.springframework.boot.test.autoconfigure.actuate.metrics.MetricsExportContextCustomizerFactory$DisableMetricExportContextCustomizer@1be250d, org.springframework.boot.test.autoconfigure.properties.PropertyMappingContextCustomizer@0, org.springframework.boot.test.autoconfigure.web.servlet.WebDriverContextCustomizerFactory$Customizer@52b961, org.springframework.boot.test.context.filter.ExcludeFilterContextCustomizer@676c1a, org.springframework.boot.test.json.DuplicateJsonObjectContextCustomizerFactory$DuplicateJsonObjectContextCustomizer@1c44dec, org.springframework.boot.test.mock.mockito.MockitoContextCustomizer@eaeb3736, org.springframework.test.context.web.socket.MockServerContainerContextCustomizer@1166348], resourceBasePath = 'src/main/webapp', contextLoader = 'org.springframework.test.context.web.WebDelegatingSmartContextLoader', parent = [null]]]
18:11:46.241 [Test worker] DEBUG org.springframework.test.context.cache - Spring test ApplicationContext cache statistics: [DefaultContextCache@8c24 size = 7, maxSize = 32, parentContextCount = 0, hitCount = 386, missCount = 7]
18:11:46.241 [Test worker] DEBUG org.springframework.test.context.support.AbstractDirtiesContextTestExecutionListener - After test class: context [DefaultTestContext@1982523 testClass = JwtRequestFilterTest, testInstance = [null], testMethod = [null], testException = [null], mergedContextConfiguration = [WebMergedContextConfiguration@9110c2 testClass = JwtRequestFilterTest, locations = '{}', classes = '{class app.library.filters.JwtRequestFilter}', contextInitializerClasses = '[]', activeProfiles = '{}', propertySourceLocations = '{}', propertySourceProperties = '{}', contextCustomizers = set[org.springframework.boot.test.autoconfigure.actuate.metrics.MetricsExportContextCustomizerFactory$DisableMetricExportContextCustomizer@1be250d, org.springframework.boot.test.autoconfigure.properties.PropertyMappingContextCustomizer@0, org.springframework.boot.test.autoconfigure.web.servlet.WebDriverContextCustomizerFactory$Customizer@52b961, org.springframework.boot.test.context.filter.ExcludeFilterContextCustomizer@676c1a, org.springframework.boot.test.json.DuplicateJsonObjectContextCustomizerFactory$DuplicateJsonObjectContextCustomizer@1c44dec, org.springframework.boot.test.mock.mockito.MockitoContextCustomizer@eaeb3736, org.springframework.test.context.web.socket.MockServerContainerContextCustomizer@1166348], resourceBasePath = 'src/main/webapp', contextLoader = 'org.springframework.test.context.web.WebDelegatingSmartContextLoader', parent = [null]], attributes = map['org.springframework.test.context.event.ApplicationEventsTestExecutionListener.recordApplicationEvents' -> false, 'org.springframework.test.context.support.DependencyInjectionTestExecutionListener.reinjectDependencies' -> true]], class annotated with @DirtiesContext [false] with mode [null].
]]></system-out>
  <system-err><![CDATA[]]></system-err>
</testsuite>
